<?xml version="1.0" encoding="utf-8"?>
<CoverageSession xmlns:xsd="http://www.w3.org/2001/XMLSchema" xmlns:xsi="http://www.w3.org/2001/XMLSchema-instance" Version="0.0.0.0">
  <Summary numSequencePoints="2313" visitedSequencePoints="645" numBranchPoints="0" visitedBranchPoints="0" sequenceCoverage="27.89" branchCoverage="0.0" maxCyclomaticComplexity="0" minCyclomaticComplexity="0" maxCrapScore="0" minCrapScore="0" visitedClasses="12" numClasses="49" visitedMethods="61" numMethods="276" />
  <Modules>
    <Module>
      <Summary numSequencePoints="199" visitedSequencePoints="199" numBranchPoints="0" visitedBranchPoints="0" sequenceCoverage="100.0" branchCoverage="0.0" maxCyclomaticComplexity="0" minCyclomaticComplexity="0" maxCrapScore="0" minCrapScore="0" visitedClasses="1" numClasses="1" visitedMethods="12" numMethods="12" />
      <ModuleTime>0001-01-01T00:00:00</ModuleTime>
      <ModuleName>00.Tests</ModuleName>
      <Files>
        <File uid="1" fullPath="D:/Unity/Project/Argricola-Unity/Assets/02. Scripts/00. Tests/TestPlayerBoard.cs" />
      </Files>
      <Classes>
        <Class>
          <Summary numSequencePoints="199" visitedSequencePoints="199" numBranchPoints="0" visitedBranchPoints="0" sequenceCoverage="100.0" branchCoverage="0.0" maxCyclomaticComplexity="0" minCyclomaticComplexity="0" maxCrapScore="0" minCrapScore="0" visitedClasses="1" numClasses="1" visitedMethods="12" numMethods="12" />
          <FullName>TestPlayerBoard/_TestSetFence</FullName>
          <Methods>
            <Method visited="true" cyclomaticComplexity="0" nPathComplexity="0" sequenceCoverage="100.0" branchCoverage="0" crapScore="0" isConstructor="false" isStatic="false" isGetter="false" isSetter="false">
              <Summary numSequencePoints="11" visitedSequencePoints="11" numBranchPoints="0" visitedBranchPoints="0" sequenceCoverage="100.0" branchCoverage="0" maxCyclomaticComplexity="0" minCyclomaticComplexity="0" maxCrapScore="0" minCrapScore="0" visitedClasses="0" numClasses="0" visitedMethods="1" numMethods="1" />
              <MetadataToken>100663298</MetadataToken>
              <Name>System.Void TestPlayerBoard/_TestSetFence::FenceInstallVoid()</Name>
              <FileRef uid="1" />
              <SequencePoints>
                <SequencePoint vc="1" uspid="1" ordinal="0" offset="0" sl="15" sc="9" el="15" ec="9" bec="0" bev="0" fileid="1" />
                <SequencePoint vc="1" uspid="2" ordinal="0" offset="1" sl="16" sc="13" el="16" ec="13" bec="0" bev="0" fileid="1" />
                <SequencePoint vc="1" uspid="3" ordinal="0" offset="8" sl="17" sc="13" el="17" ec="13" bec="0" bev="0" fileid="1" />
                <SequencePoint vc="1" uspid="4" ordinal="0" offset="15" sl="19" sc="13" el="19" ec="13" bec="0" bev="0" fileid="1" />
                <SequencePoint vc="1" uspid="5" ordinal="0" offset="22" sl="20" sc="13" el="20" ec="13" bec="0" bev="0" fileid="1" />
                <SequencePoint vc="1" uspid="6" ordinal="0" offset="40" sl="21" sc="13" el="21" ec="13" bec="0" bev="0" fileid="1" />
                <SequencePoint vc="1" uspid="7" ordinal="0" offset="47" sl="23" sc="13" el="23" ec="13" bec="0" bev="0" fileid="1" />
                <SequencePoint vc="1" uspid="8" ordinal="0" offset="54" sl="24" sc="13" el="24" ec="13" bec="0" bev="0" fileid="1" />
                <SequencePoint vc="1" uspid="9" ordinal="0" offset="79" sl="25" sc="13" el="25" ec="13" bec="0" bev="0" fileid="1" />
                <SequencePoint vc="1" uspid="10" ordinal="0" offset="86" sl="27" sc="13" el="27" ec="13" bec="0" bev="0" fileid="1" />
                <SequencePoint vc="1" uspid="11" ordinal="0" offset="121" sl="28" sc="9" el="28" ec="9" bec="0" bev="0" fileid="1" />
              </SequencePoints>
              <BranchPoints />
            </Method>
            <Method visited="true" cyclomaticComplexity="0" nPathComplexity="0" sequenceCoverage="100.0" branchCoverage="0" crapScore="0" isConstructor="false" isStatic="false" isGetter="false" isSetter="false">
              <Summary numSequencePoints="15" visitedSequencePoints="15" numBranchPoints="0" visitedBranchPoints="0" sequenceCoverage="100.0" branchCoverage="0" maxCyclomaticComplexity="0" minCyclomaticComplexity="0" maxCrapScore="0" minCrapScore="0" visitedClasses="0" numClasses="0" visitedMethods="1" numMethods="1" />
              <MetadataToken>100663299</MetadataToken>
              <Name>System.Void TestPlayerBoard/_TestSetFence::FenceInstallShed()</Name>
              <FileRef uid="1" />
              <SequencePoints>
                <SequencePoint vc="1" uspid="12" ordinal="0" offset="0" sl="32" sc="9" el="32" ec="9" bec="0" bev="0" fileid="1" />
                <SequencePoint vc="1" uspid="13" ordinal="0" offset="1" sl="33" sc="13" el="33" ec="13" bec="0" bev="0" fileid="1" />
                <SequencePoint vc="1" uspid="14" ordinal="0" offset="8" sl="34" sc="13" el="34" ec="13" bec="0" bev="0" fileid="1" />
                <SequencePoint vc="1" uspid="15" ordinal="0" offset="15" sl="36" sc="13" el="36" ec="13" bec="0" bev="0" fileid="1" />
                <SequencePoint vc="1" uspid="16" ordinal="0" offset="22" sl="37" sc="13" el="37" ec="13" bec="0" bev="0" fileid="1" />
                <SequencePoint vc="1" uspid="17" ordinal="0" offset="40" sl="38" sc="13" el="38" ec="13" bec="0" bev="0" fileid="1" />
                <SequencePoint vc="1" uspid="18" ordinal="0" offset="47" sl="40" sc="13" el="40" ec="13" bec="0" bev="0" fileid="1" />
                <SequencePoint vc="1" uspid="19" ordinal="0" offset="54" sl="41" sc="13" el="41" ec="13" bec="0" bev="0" fileid="1" />
                <SequencePoint vc="1" uspid="20" ordinal="0" offset="79" sl="42" sc="13" el="42" ec="13" bec="0" bev="0" fileid="1" />
                <SequencePoint vc="1" uspid="21" ordinal="0" offset="86" sl="44" sc="13" el="44" ec="13" bec="0" bev="0" fileid="1" />
                <SequencePoint vc="1" uspid="22" ordinal="0" offset="93" sl="45" sc="13" el="45" ec="13" bec="0" bev="0" fileid="1" />
                <SequencePoint vc="1" uspid="23" ordinal="0" offset="118" sl="46" sc="13" el="46" ec="13" bec="0" bev="0" fileid="1" />
                <SequencePoint vc="1" uspid="24" ordinal="0" offset="125" sl="48" sc="13" el="48" ec="13" bec="0" bev="0" fileid="1" />
                <SequencePoint vc="1" uspid="25" ordinal="0" offset="160" sl="49" sc="13" el="49" ec="13" bec="0" bev="0" fileid="1" />
                <SequencePoint vc="1" uspid="26" ordinal="0" offset="195" sl="50" sc="9" el="50" ec="9" bec="0" bev="0" fileid="1" />
              </SequencePoints>
              <BranchPoints />
            </Method>
            <Method visited="true" cyclomaticComplexity="0" nPathComplexity="0" sequenceCoverage="100.0" branchCoverage="0" crapScore="0" isConstructor="false" isStatic="false" isGetter="false" isSetter="false">
              <Summary numSequencePoints="15" visitedSequencePoints="15" numBranchPoints="0" visitedBranchPoints="0" sequenceCoverage="100.0" branchCoverage="0" maxCyclomaticComplexity="0" minCyclomaticComplexity="0" maxCrapScore="0" minCrapScore="0" visitedClasses="0" numClasses="0" visitedMethods="1" numMethods="1" />
              <MetadataToken>100663300</MetadataToken>
              <Name>System.Void TestPlayerBoard/_TestSetFence::FenceInstallFarm()</Name>
              <FileRef uid="1" />
              <SequencePoints>
                <SequencePoint vc="1" uspid="27" ordinal="0" offset="0" sl="54" sc="9" el="54" ec="9" bec="0" bev="0" fileid="1" />
                <SequencePoint vc="1" uspid="28" ordinal="0" offset="1" sl="55" sc="13" el="55" ec="13" bec="0" bev="0" fileid="1" />
                <SequencePoint vc="1" uspid="29" ordinal="0" offset="8" sl="56" sc="13" el="56" ec="13" bec="0" bev="0" fileid="1" />
                <SequencePoint vc="1" uspid="30" ordinal="0" offset="15" sl="58" sc="13" el="58" ec="13" bec="0" bev="0" fileid="1" />
                <SequencePoint vc="1" uspid="31" ordinal="0" offset="22" sl="59" sc="13" el="59" ec="13" bec="0" bev="0" fileid="1" />
                <SequencePoint vc="1" uspid="32" ordinal="0" offset="40" sl="60" sc="13" el="60" ec="13" bec="0" bev="0" fileid="1" />
                <SequencePoint vc="1" uspid="33" ordinal="0" offset="47" sl="62" sc="13" el="62" ec="13" bec="0" bev="0" fileid="1" />
                <SequencePoint vc="1" uspid="34" ordinal="0" offset="54" sl="63" sc="13" el="63" ec="13" bec="0" bev="0" fileid="1" />
                <SequencePoint vc="1" uspid="35" ordinal="0" offset="79" sl="64" sc="13" el="64" ec="13" bec="0" bev="0" fileid="1" />
                <SequencePoint vc="1" uspid="36" ordinal="0" offset="86" sl="66" sc="13" el="66" ec="13" bec="0" bev="0" fileid="1" />
                <SequencePoint vc="1" uspid="37" ordinal="0" offset="93" sl="67" sc="13" el="67" ec="13" bec="0" bev="0" fileid="1" />
                <SequencePoint vc="1" uspid="38" ordinal="0" offset="118" sl="69" sc="13" el="69" ec="13" bec="0" bev="0" fileid="1" />
                <SequencePoint vc="1" uspid="39" ordinal="0" offset="130" sl="70" sc="13" el="70" ec="13" bec="0" bev="0" fileid="1" />
                <SequencePoint vc="1" uspid="40" ordinal="0" offset="137" sl="72" sc="13" el="72" ec="13" bec="0" bev="0" fileid="1" />
                <SequencePoint vc="1" uspid="41" ordinal="0" offset="172" sl="73" sc="9" el="73" ec="9" bec="0" bev="0" fileid="1" />
              </SequencePoints>
              <BranchPoints />
            </Method>
            <Method visited="true" cyclomaticComplexity="0" nPathComplexity="0" sequenceCoverage="100.0" branchCoverage="0" crapScore="0" isConstructor="false" isStatic="false" isGetter="false" isSetter="false">
              <Summary numSequencePoints="15" visitedSequencePoints="15" numBranchPoints="0" visitedBranchPoints="0" sequenceCoverage="100.0" branchCoverage="0" maxCyclomaticComplexity="0" minCyclomaticComplexity="0" maxCrapScore="0" minCrapScore="0" visitedClasses="0" numClasses="0" visitedMethods="1" numMethods="1" />
              <MetadataToken>100663301</MetadataToken>
              <Name>System.Void TestPlayerBoard/_TestSetFence::FenceInstallHouse()</Name>
              <FileRef uid="1" />
              <SequencePoints>
                <SequencePoint vc="1" uspid="42" ordinal="0" offset="0" sl="77" sc="9" el="77" ec="9" bec="0" bev="0" fileid="1" />
                <SequencePoint vc="1" uspid="43" ordinal="0" offset="1" sl="78" sc="13" el="78" ec="13" bec="0" bev="0" fileid="1" />
                <SequencePoint vc="1" uspid="44" ordinal="0" offset="8" sl="79" sc="13" el="79" ec="13" bec="0" bev="0" fileid="1" />
                <SequencePoint vc="1" uspid="45" ordinal="0" offset="15" sl="81" sc="13" el="81" ec="13" bec="0" bev="0" fileid="1" />
                <SequencePoint vc="1" uspid="46" ordinal="0" offset="22" sl="82" sc="13" el="82" ec="13" bec="0" bev="0" fileid="1" />
                <SequencePoint vc="1" uspid="47" ordinal="0" offset="40" sl="83" sc="13" el="83" ec="13" bec="0" bev="0" fileid="1" />
                <SequencePoint vc="1" uspid="48" ordinal="0" offset="47" sl="85" sc="13" el="85" ec="13" bec="0" bev="0" fileid="1" />
                <SequencePoint vc="1" uspid="49" ordinal="0" offset="54" sl="86" sc="13" el="86" ec="13" bec="0" bev="0" fileid="1" />
                <SequencePoint vc="1" uspid="50" ordinal="0" offset="79" sl="87" sc="13" el="87" ec="13" bec="0" bev="0" fileid="1" />
                <SequencePoint vc="1" uspid="51" ordinal="0" offset="86" sl="89" sc="13" el="89" ec="13" bec="0" bev="0" fileid="1" />
                <SequencePoint vc="1" uspid="52" ordinal="0" offset="93" sl="90" sc="13" el="90" ec="13" bec="0" bev="0" fileid="1" />
                <SequencePoint vc="1" uspid="53" ordinal="0" offset="118" sl="92" sc="13" el="92" ec="13" bec="0" bev="0" fileid="1" />
                <SequencePoint vc="1" uspid="54" ordinal="0" offset="130" sl="93" sc="13" el="93" ec="13" bec="0" bev="0" fileid="1" />
                <SequencePoint vc="1" uspid="55" ordinal="0" offset="137" sl="95" sc="13" el="95" ec="13" bec="0" bev="0" fileid="1" />
                <SequencePoint vc="1" uspid="56" ordinal="0" offset="172" sl="96" sc="9" el="96" ec="9" bec="0" bev="0" fileid="1" />
              </SequencePoints>
              <BranchPoints />
            </Method>
            <Method visited="true" cyclomaticComplexity="0" nPathComplexity="0" sequenceCoverage="100.0" branchCoverage="0" crapScore="0" isConstructor="false" isStatic="false" isGetter="false" isSetter="false">
              <Summary numSequencePoints="14" visitedSequencePoints="14" numBranchPoints="0" visitedBranchPoints="0" sequenceCoverage="100.0" branchCoverage="0" maxCyclomaticComplexity="0" minCyclomaticComplexity="0" maxCrapScore="0" minCrapScore="0" visitedClasses="0" numClasses="0" visitedMethods="1" numMethods="1" />
              <MetadataToken>100663302</MetadataToken>
              <Name>System.Void TestPlayerBoard/_TestSetFence::FenceInstallNoNeighbor()</Name>
              <FileRef uid="1" />
              <SequencePoints>
                <SequencePoint vc="1" uspid="57" ordinal="0" offset="0" sl="101" sc="9" el="101" ec="9" bec="0" bev="0" fileid="1" />
                <SequencePoint vc="1" uspid="58" ordinal="0" offset="1" sl="102" sc="13" el="102" ec="13" bec="0" bev="0" fileid="1" />
                <SequencePoint vc="1" uspid="59" ordinal="0" offset="8" sl="103" sc="13" el="103" ec="13" bec="0" bev="0" fileid="1" />
                <SequencePoint vc="1" uspid="60" ordinal="0" offset="15" sl="105" sc="13" el="105" ec="13" bec="0" bev="0" fileid="1" />
                <SequencePoint vc="1" uspid="61" ordinal="0" offset="22" sl="106" sc="13" el="106" ec="13" bec="0" bev="0" fileid="1" />
                <SequencePoint vc="1" uspid="62" ordinal="0" offset="40" sl="107" sc="13" el="107" ec="13" bec="0" bev="0" fileid="1" />
                <SequencePoint vc="1" uspid="63" ordinal="0" offset="47" sl="109" sc="13" el="109" ec="13" bec="0" bev="0" fileid="1" />
                <SequencePoint vc="1" uspid="64" ordinal="0" offset="54" sl="110" sc="13" el="110" ec="13" bec="0" bev="0" fileid="1" />
                <SequencePoint vc="1" uspid="65" ordinal="0" offset="79" sl="111" sc="13" el="111" ec="13" bec="0" bev="0" fileid="1" />
                <SequencePoint vc="1" uspid="66" ordinal="0" offset="86" sl="113" sc="13" el="113" ec="13" bec="0" bev="0" fileid="1" />
                <SequencePoint vc="1" uspid="67" ordinal="0" offset="123" sl="114" sc="13" el="114" ec="13" bec="0" bev="0" fileid="1" />
                <SequencePoint vc="1" uspid="68" ordinal="0" offset="160" sl="115" sc="13" el="115" ec="13" bec="0" bev="0" fileid="1" />
                <SequencePoint vc="1" uspid="69" ordinal="0" offset="197" sl="116" sc="13" el="116" ec="13" bec="0" bev="0" fileid="1" />
                <SequencePoint vc="1" uspid="70" ordinal="0" offset="234" sl="117" sc="9" el="117" ec="9" bec="0" bev="0" fileid="1" />
              </SequencePoints>
              <BranchPoints />
            </Method>
            <Method visited="true" cyclomaticComplexity="0" nPathComplexity="0" sequenceCoverage="100.0" branchCoverage="0" crapScore="0" isConstructor="false" isStatic="false" isGetter="false" isSetter="false">
              <Summary numSequencePoints="17" visitedSequencePoints="17" numBranchPoints="0" visitedBranchPoints="0" sequenceCoverage="100.0" branchCoverage="0" maxCyclomaticComplexity="0" minCyclomaticComplexity="0" maxCrapScore="0" minCrapScore="0" visitedClasses="0" numClasses="0" visitedMethods="1" numMethods="1" />
              <MetadataToken>100663303</MetadataToken>
              <Name>System.Void TestPlayerBoard/_TestSetFence::FenceInstallNeighbor1()</Name>
              <FileRef uid="1" />
              <SequencePoints>
                <SequencePoint vc="1" uspid="71" ordinal="0" offset="0" sl="121" sc="9" el="121" ec="9" bec="0" bev="0" fileid="1" />
                <SequencePoint vc="1" uspid="72" ordinal="0" offset="1" sl="122" sc="13" el="122" ec="13" bec="0" bev="0" fileid="1" />
                <SequencePoint vc="1" uspid="73" ordinal="0" offset="8" sl="123" sc="13" el="123" ec="13" bec="0" bev="0" fileid="1" />
                <SequencePoint vc="1" uspid="74" ordinal="0" offset="15" sl="125" sc="13" el="125" ec="13" bec="0" bev="0" fileid="1" />
                <SequencePoint vc="1" uspid="75" ordinal="0" offset="22" sl="126" sc="13" el="126" ec="13" bec="0" bev="0" fileid="1" />
                <SequencePoint vc="1" uspid="76" ordinal="0" offset="40" sl="127" sc="13" el="127" ec="13" bec="0" bev="0" fileid="1" />
                <SequencePoint vc="1" uspid="77" ordinal="0" offset="47" sl="129" sc="13" el="129" ec="13" bec="0" bev="0" fileid="1" />
                <SequencePoint vc="1" uspid="78" ordinal="0" offset="54" sl="130" sc="13" el="130" ec="13" bec="0" bev="0" fileid="1" />
                <SequencePoint vc="1" uspid="79" ordinal="0" offset="79" sl="131" sc="13" el="131" ec="13" bec="0" bev="0" fileid="1" />
                <SequencePoint vc="1" uspid="80" ordinal="0" offset="86" sl="133" sc="13" el="133" ec="13" bec="0" bev="0" fileid="1" />
                <SequencePoint vc="1" uspid="81" ordinal="0" offset="93" sl="134" sc="13" el="134" ec="13" bec="0" bev="0" fileid="1" />
                <SequencePoint vc="1" uspid="82" ordinal="0" offset="118" sl="135" sc="13" el="135" ec="13" bec="0" bev="0" fileid="1" />
                <SequencePoint vc="1" uspid="83" ordinal="0" offset="125" sl="137" sc="13" el="137" ec="13" bec="0" bev="0" fileid="1" />
                <SequencePoint vc="1" uspid="84" ordinal="0" offset="162" sl="138" sc="13" el="138" ec="13" bec="0" bev="0" fileid="1" />
                <SequencePoint vc="1" uspid="85" ordinal="0" offset="199" sl="139" sc="13" el="139" ec="13" bec="0" bev="0" fileid="1" />
                <SequencePoint vc="1" uspid="86" ordinal="0" offset="236" sl="140" sc="13" el="140" ec="13" bec="0" bev="0" fileid="1" />
                <SequencePoint vc="1" uspid="87" ordinal="0" offset="273" sl="141" sc="9" el="141" ec="9" bec="0" bev="0" fileid="1" />
              </SequencePoints>
              <BranchPoints />
            </Method>
            <Method visited="true" cyclomaticComplexity="0" nPathComplexity="0" sequenceCoverage="100.0" branchCoverage="0" crapScore="0" isConstructor="false" isStatic="false" isGetter="false" isSetter="false">
              <Summary numSequencePoints="20" visitedSequencePoints="20" numBranchPoints="0" visitedBranchPoints="0" sequenceCoverage="100.0" branchCoverage="0" maxCyclomaticComplexity="0" minCyclomaticComplexity="0" maxCrapScore="0" minCrapScore="0" visitedClasses="0" numClasses="0" visitedMethods="1" numMethods="1" />
              <MetadataToken>100663304</MetadataToken>
              <Name>System.Void TestPlayerBoard/_TestSetFence::FenceInstallNeighbor2()</Name>
              <FileRef uid="1" />
              <SequencePoints>
                <SequencePoint vc="1" uspid="88" ordinal="0" offset="0" sl="145" sc="9" el="145" ec="9" bec="0" bev="0" fileid="1" />
                <SequencePoint vc="1" uspid="89" ordinal="0" offset="1" sl="146" sc="13" el="146" ec="13" bec="0" bev="0" fileid="1" />
                <SequencePoint vc="1" uspid="90" ordinal="0" offset="8" sl="147" sc="13" el="147" ec="13" bec="0" bev="0" fileid="1" />
                <SequencePoint vc="1" uspid="91" ordinal="0" offset="15" sl="149" sc="13" el="149" ec="13" bec="0" bev="0" fileid="1" />
                <SequencePoint vc="1" uspid="92" ordinal="0" offset="22" sl="150" sc="13" el="150" ec="13" bec="0" bev="0" fileid="1" />
                <SequencePoint vc="1" uspid="93" ordinal="0" offset="40" sl="151" sc="13" el="151" ec="13" bec="0" bev="0" fileid="1" />
                <SequencePoint vc="1" uspid="94" ordinal="0" offset="47" sl="154" sc="13" el="154" ec="13" bec="0" bev="0" fileid="1" />
                <SequencePoint vc="1" uspid="95" ordinal="0" offset="54" sl="155" sc="13" el="155" ec="13" bec="0" bev="0" fileid="1" />
                <SequencePoint vc="1" uspid="96" ordinal="0" offset="79" sl="156" sc="13" el="156" ec="13" bec="0" bev="0" fileid="1" />
                <SequencePoint vc="1" uspid="97" ordinal="0" offset="86" sl="159" sc="13" el="159" ec="13" bec="0" bev="0" fileid="1" />
                <SequencePoint vc="1" uspid="98" ordinal="0" offset="93" sl="160" sc="13" el="160" ec="13" bec="0" bev="0" fileid="1" />
                <SequencePoint vc="1" uspid="99" ordinal="0" offset="118" sl="161" sc="13" el="161" ec="13" bec="0" bev="0" fileid="1" />
                <SequencePoint vc="1" uspid="100" ordinal="0" offset="125" sl="164" sc="13" el="164" ec="13" bec="0" bev="0" fileid="1" />
                <SequencePoint vc="1" uspid="101" ordinal="0" offset="132" sl="165" sc="13" el="165" ec="13" bec="0" bev="0" fileid="1" />
                <SequencePoint vc="1" uspid="102" ordinal="0" offset="157" sl="166" sc="13" el="166" ec="13" bec="0" bev="0" fileid="1" />
                <SequencePoint vc="1" uspid="103" ordinal="0" offset="164" sl="168" sc="13" el="168" ec="13" bec="0" bev="0" fileid="1" />
                <SequencePoint vc="1" uspid="104" ordinal="0" offset="201" sl="169" sc="13" el="169" ec="13" bec="0" bev="0" fileid="1" />
                <SequencePoint vc="1" uspid="105" ordinal="0" offset="238" sl="170" sc="13" el="170" ec="13" bec="0" bev="0" fileid="1" />
                <SequencePoint vc="1" uspid="106" ordinal="0" offset="275" sl="171" sc="13" el="171" ec="13" bec="0" bev="0" fileid="1" />
                <SequencePoint vc="1" uspid="107" ordinal="0" offset="312" sl="172" sc="9" el="172" ec="9" bec="0" bev="0" fileid="1" />
              </SequencePoints>
              <BranchPoints />
            </Method>
            <Method visited="true" cyclomaticComplexity="0" nPathComplexity="0" sequenceCoverage="100.0" branchCoverage="0" crapScore="0" isConstructor="false" isStatic="false" isGetter="false" isSetter="false">
              <Summary numSequencePoints="23" visitedSequencePoints="23" numBranchPoints="0" visitedBranchPoints="0" sequenceCoverage="100.0" branchCoverage="0" maxCyclomaticComplexity="0" minCyclomaticComplexity="0" maxCrapScore="0" minCrapScore="0" visitedClasses="0" numClasses="0" visitedMethods="1" numMethods="1" />
              <MetadataToken>100663305</MetadataToken>
              <Name>System.Void TestPlayerBoard/_TestSetFence::FenceInstallNeighbor3()</Name>
              <FileRef uid="1" />
              <SequencePoints>
                <SequencePoint vc="1" uspid="108" ordinal="0" offset="0" sl="176" sc="9" el="176" ec="9" bec="0" bev="0" fileid="1" />
                <SequencePoint vc="1" uspid="109" ordinal="0" offset="1" sl="177" sc="13" el="177" ec="13" bec="0" bev="0" fileid="1" />
                <SequencePoint vc="1" uspid="110" ordinal="0" offset="8" sl="178" sc="13" el="178" ec="13" bec="0" bev="0" fileid="1" />
                <SequencePoint vc="1" uspid="111" ordinal="0" offset="15" sl="180" sc="13" el="180" ec="13" bec="0" bev="0" fileid="1" />
                <SequencePoint vc="1" uspid="112" ordinal="0" offset="22" sl="181" sc="13" el="181" ec="13" bec="0" bev="0" fileid="1" />
                <SequencePoint vc="1" uspid="113" ordinal="0" offset="40" sl="182" sc="13" el="182" ec="13" bec="0" bev="0" fileid="1" />
                <SequencePoint vc="1" uspid="114" ordinal="0" offset="47" sl="185" sc="13" el="185" ec="13" bec="0" bev="0" fileid="1" />
                <SequencePoint vc="1" uspid="115" ordinal="0" offset="54" sl="186" sc="13" el="186" ec="13" bec="0" bev="0" fileid="1" />
                <SequencePoint vc="1" uspid="116" ordinal="0" offset="79" sl="187" sc="13" el="187" ec="13" bec="0" bev="0" fileid="1" />
                <SequencePoint vc="1" uspid="117" ordinal="0" offset="86" sl="190" sc="13" el="190" ec="13" bec="0" bev="0" fileid="1" />
                <SequencePoint vc="1" uspid="118" ordinal="0" offset="93" sl="191" sc="13" el="191" ec="13" bec="0" bev="0" fileid="1" />
                <SequencePoint vc="1" uspid="119" ordinal="0" offset="118" sl="192" sc="13" el="192" ec="13" bec="0" bev="0" fileid="1" />
                <SequencePoint vc="1" uspid="120" ordinal="0" offset="125" sl="195" sc="13" el="195" ec="13" bec="0" bev="0" fileid="1" />
                <SequencePoint vc="1" uspid="121" ordinal="0" offset="132" sl="196" sc="13" el="196" ec="13" bec="0" bev="0" fileid="1" />
                <SequencePoint vc="1" uspid="122" ordinal="0" offset="157" sl="197" sc="13" el="197" ec="13" bec="0" bev="0" fileid="1" />
                <SequencePoint vc="1" uspid="123" ordinal="0" offset="164" sl="200" sc="13" el="200" ec="13" bec="0" bev="0" fileid="1" />
                <SequencePoint vc="1" uspid="124" ordinal="0" offset="171" sl="201" sc="13" el="201" ec="13" bec="0" bev="0" fileid="1" />
                <SequencePoint vc="1" uspid="125" ordinal="0" offset="196" sl="202" sc="13" el="202" ec="13" bec="0" bev="0" fileid="1" />
                <SequencePoint vc="1" uspid="126" ordinal="0" offset="203" sl="204" sc="13" el="204" ec="13" bec="0" bev="0" fileid="1" />
                <SequencePoint vc="1" uspid="127" ordinal="0" offset="240" sl="205" sc="13" el="205" ec="13" bec="0" bev="0" fileid="1" />
                <SequencePoint vc="1" uspid="128" ordinal="0" offset="277" sl="206" sc="13" el="206" ec="13" bec="0" bev="0" fileid="1" />
                <SequencePoint vc="1" uspid="129" ordinal="0" offset="314" sl="207" sc="13" el="207" ec="13" bec="0" bev="0" fileid="1" />
                <SequencePoint vc="1" uspid="130" ordinal="0" offset="351" sl="208" sc="9" el="208" ec="9" bec="0" bev="0" fileid="1" />
              </SequencePoints>
              <BranchPoints />
            </Method>
            <Method visited="true" cyclomaticComplexity="0" nPathComplexity="0" sequenceCoverage="100.0" branchCoverage="0" crapScore="0" isConstructor="false" isStatic="false" isGetter="false" isSetter="false">
              <Summary numSequencePoints="26" visitedSequencePoints="26" numBranchPoints="0" visitedBranchPoints="0" sequenceCoverage="100.0" branchCoverage="0" maxCyclomaticComplexity="0" minCyclomaticComplexity="0" maxCrapScore="0" minCrapScore="0" visitedClasses="0" numClasses="0" visitedMethods="1" numMethods="1" />
              <MetadataToken>100663306</MetadataToken>
              <Name>System.Void TestPlayerBoard/_TestSetFence::FenceInstallNeighbor4()</Name>
              <FileRef uid="1" />
              <SequencePoints>
                <SequencePoint vc="1" uspid="131" ordinal="0" offset="0" sl="213" sc="9" el="213" ec="9" bec="0" bev="0" fileid="1" />
                <SequencePoint vc="1" uspid="132" ordinal="0" offset="1" sl="214" sc="13" el="214" ec="13" bec="0" bev="0" fileid="1" />
                <SequencePoint vc="1" uspid="133" ordinal="0" offset="8" sl="215" sc="13" el="215" ec="13" bec="0" bev="0" fileid="1" />
                <SequencePoint vc="1" uspid="134" ordinal="0" offset="15" sl="217" sc="13" el="217" ec="13" bec="0" bev="0" fileid="1" />
                <SequencePoint vc="1" uspid="135" ordinal="0" offset="22" sl="218" sc="13" el="218" ec="13" bec="0" bev="0" fileid="1" />
                <SequencePoint vc="1" uspid="136" ordinal="0" offset="40" sl="219" sc="13" el="219" ec="13" bec="0" bev="0" fileid="1" />
                <SequencePoint vc="1" uspid="137" ordinal="0" offset="47" sl="222" sc="13" el="222" ec="13" bec="0" bev="0" fileid="1" />
                <SequencePoint vc="1" uspid="138" ordinal="0" offset="54" sl="223" sc="13" el="223" ec="13" bec="0" bev="0" fileid="1" />
                <SequencePoint vc="1" uspid="139" ordinal="0" offset="79" sl="224" sc="13" el="224" ec="13" bec="0" bev="0" fileid="1" />
                <SequencePoint vc="1" uspid="140" ordinal="0" offset="86" sl="227" sc="13" el="227" ec="13" bec="0" bev="0" fileid="1" />
                <SequencePoint vc="1" uspid="141" ordinal="0" offset="93" sl="228" sc="13" el="228" ec="13" bec="0" bev="0" fileid="1" />
                <SequencePoint vc="1" uspid="142" ordinal="0" offset="118" sl="229" sc="13" el="229" ec="13" bec="0" bev="0" fileid="1" />
                <SequencePoint vc="1" uspid="143" ordinal="0" offset="125" sl="232" sc="13" el="232" ec="13" bec="0" bev="0" fileid="1" />
                <SequencePoint vc="1" uspid="144" ordinal="0" offset="132" sl="233" sc="13" el="233" ec="13" bec="0" bev="0" fileid="1" />
                <SequencePoint vc="1" uspid="145" ordinal="0" offset="157" sl="234" sc="13" el="234" ec="13" bec="0" bev="0" fileid="1" />
                <SequencePoint vc="1" uspid="146" ordinal="0" offset="164" sl="237" sc="13" el="237" ec="13" bec="0" bev="0" fileid="1" />
                <SequencePoint vc="1" uspid="147" ordinal="0" offset="171" sl="238" sc="13" el="238" ec="13" bec="0" bev="0" fileid="1" />
                <SequencePoint vc="1" uspid="148" ordinal="0" offset="196" sl="239" sc="13" el="239" ec="13" bec="0" bev="0" fileid="1" />
                <SequencePoint vc="1" uspid="149" ordinal="0" offset="203" sl="242" sc="13" el="242" ec="13" bec="0" bev="0" fileid="1" />
                <SequencePoint vc="1" uspid="150" ordinal="0" offset="210" sl="243" sc="13" el="243" ec="13" bec="0" bev="0" fileid="1" />
                <SequencePoint vc="1" uspid="151" ordinal="0" offset="235" sl="244" sc="13" el="244" ec="13" bec="0" bev="0" fileid="1" />
                <SequencePoint vc="1" uspid="152" ordinal="0" offset="242" sl="246" sc="13" el="246" ec="13" bec="0" bev="0" fileid="1" />
                <SequencePoint vc="1" uspid="153" ordinal="0" offset="279" sl="247" sc="13" el="247" ec="13" bec="0" bev="0" fileid="1" />
                <SequencePoint vc="1" uspid="154" ordinal="0" offset="316" sl="248" sc="13" el="248" ec="13" bec="0" bev="0" fileid="1" />
                <SequencePoint vc="1" uspid="155" ordinal="0" offset="353" sl="249" sc="13" el="249" ec="13" bec="0" bev="0" fileid="1" />
                <SequencePoint vc="1" uspid="156" ordinal="0" offset="390" sl="250" sc="9" el="250" ec="9" bec="0" bev="0" fileid="1" />
              </SequencePoints>
              <BranchPoints />
            </Method>
            <Method visited="true" cyclomaticComplexity="0" nPathComplexity="0" sequenceCoverage="100.0" branchCoverage="0" crapScore="0" isConstructor="false" isStatic="false" isGetter="false" isSetter="false">
              <Summary numSequencePoints="19" visitedSequencePoints="19" numBranchPoints="0" visitedBranchPoints="0" sequenceCoverage="100.0" branchCoverage="0" maxCyclomaticComplexity="0" minCyclomaticComplexity="0" maxCrapScore="0" minCrapScore="0" visitedClasses="0" numClasses="0" visitedMethods="1" numMethods="1" />
              <MetadataToken>100663307</MetadataToken>
              <Name>System.Void TestPlayerBoard/_TestSetFence::FenceInstallAlreadyFence()</Name>
              <FileRef uid="1" />
              <SequencePoints>
                <SequencePoint vc="1" uspid="157" ordinal="0" offset="0" sl="254" sc="9" el="254" ec="9" bec="0" bev="0" fileid="1" />
                <SequencePoint vc="1" uspid="158" ordinal="0" offset="1" sl="255" sc="13" el="255" ec="13" bec="0" bev="0" fileid="1" />
                <SequencePoint vc="1" uspid="159" ordinal="0" offset="8" sl="256" sc="13" el="256" ec="13" bec="0" bev="0" fileid="1" />
                <SequencePoint vc="1" uspid="160" ordinal="0" offset="15" sl="258" sc="13" el="258" ec="13" bec="0" bev="0" fileid="1" />
                <SequencePoint vc="1" uspid="161" ordinal="0" offset="22" sl="259" sc="13" el="259" ec="13" bec="0" bev="0" fileid="1" />
                <SequencePoint vc="1" uspid="162" ordinal="0" offset="40" sl="260" sc="13" el="260" ec="13" bec="0" bev="0" fileid="1" />
                <SequencePoint vc="1" uspid="163" ordinal="0" offset="47" sl="263" sc="13" el="263" ec="13" bec="0" bev="0" fileid="1" />
                <SequencePoint vc="1" uspid="164" ordinal="0" offset="54" sl="264" sc="13" el="264" ec="13" bec="0" bev="0" fileid="1" />
                <SequencePoint vc="1" uspid="165" ordinal="0" offset="79" sl="265" sc="13" el="265" ec="13" bec="0" bev="0" fileid="1" />
                <SequencePoint vc="1" uspid="166" ordinal="0" offset="104" sl="266" sc="13" el="266" ec="13" bec="0" bev="0" fileid="1" />
                <SequencePoint vc="1" uspid="167" ordinal="0" offset="129" sl="267" sc="13" el="267" ec="13" bec="0" bev="0" fileid="1" />
                <SequencePoint vc="1" uspid="168" ordinal="0" offset="136" sl="270" sc="13" el="270" ec="13" bec="0" bev="0" fileid="1" />
                <SequencePoint vc="1" uspid="169" ordinal="0" offset="143" sl="271" sc="13" el="271" ec="13" bec="0" bev="0" fileid="1" />
                <SequencePoint vc="1" uspid="170" ordinal="0" offset="168" sl="272" sc="13" el="272" ec="13" bec="0" bev="0" fileid="1" />
                <SequencePoint vc="1" uspid="171" ordinal="0" offset="175" sl="274" sc="13" el="274" ec="13" bec="0" bev="0" fileid="1" />
                <SequencePoint vc="1" uspid="172" ordinal="0" offset="212" sl="275" sc="13" el="275" ec="13" bec="0" bev="0" fileid="1" />
                <SequencePoint vc="1" uspid="173" ordinal="0" offset="249" sl="276" sc="13" el="276" ec="13" bec="0" bev="0" fileid="1" />
                <SequencePoint vc="1" uspid="174" ordinal="0" offset="286" sl="277" sc="13" el="277" ec="13" bec="0" bev="0" fileid="1" />
                <SequencePoint vc="1" uspid="175" ordinal="0" offset="323" sl="278" sc="9" el="278" ec="9" bec="0" bev="0" fileid="1" />
              </SequencePoints>
              <BranchPoints />
            </Method>
            <Method visited="true" cyclomaticComplexity="0" nPathComplexity="0" sequenceCoverage="100.0" branchCoverage="0" crapScore="0" isConstructor="false" isStatic="false" isGetter="false" isSetter="false">
              <Summary numSequencePoints="12" visitedSequencePoints="12" numBranchPoints="0" visitedBranchPoints="0" sequenceCoverage="100.0" branchCoverage="0" maxCyclomaticComplexity="0" minCyclomaticComplexity="0" maxCrapScore="0" minCrapScore="0" visitedClasses="0" numClasses="0" visitedMethods="1" numMethods="1" />
              <MetadataToken>100663308</MetadataToken>
              <Name>UnityEngine.GameObject TestPlayerBoard/_TestSetFence::InitGameResource()</Name>
              <FileRef uid="1" />
              <SequencePoints>
                <SequencePoint vc="10" uspid="176" ordinal="0" offset="0" sl="282" sc="9" el="282" ec="9" bec="0" bev="0" fileid="1" />
                <SequencePoint vc="10" uspid="177" ordinal="0" offset="1" sl="283" sc="13" el="283" ec="13" bec="0" bev="0" fileid="1" />
                <SequencePoint vc="10" uspid="178" ordinal="0" offset="7" sl="284" sc="13" el="284" ec="13" bec="0" bev="0" fileid="1" />
                <SequencePoint vc="10" uspid="179" ordinal="0" offset="14" sl="285" sc="13" el="285" ec="13" bec="0" bev="0" fileid="1" />
                <SequencePoint vc="10" uspid="180" ordinal="0" offset="21" sl="287" sc="13" el="287" ec="13" bec="0" bev="0" fileid="1" />
                <SequencePoint vc="10" uspid="181" ordinal="0" offset="28" sl="288" sc="13" el="288" ec="13" bec="0" bev="0" fileid="1" />
                <SequencePoint vc="10" uspid="182" ordinal="0" offset="35" sl="290" sc="13" el="290" ec="13" bec="0" bev="0" fileid="1" />
                <SequencePoint vc="10" uspid="183" ordinal="0" offset="42" sl="291" sc="13" el="291" ec="13" bec="0" bev="0" fileid="1" />
                <SequencePoint vc="10" uspid="184" ordinal="0" offset="63" sl="293" sc="13" el="293" ec="13" bec="0" bev="0" fileid="1" />
                <SequencePoint vc="10" uspid="185" ordinal="0" offset="75" sl="294" sc="13" el="294" ec="13" bec="0" bev="0" fileid="1" />
                <SequencePoint vc="10" uspid="186" ordinal="0" offset="87" sl="296" sc="13" el="296" ec="13" bec="0" bev="0" fileid="1" />
                <SequencePoint vc="10" uspid="187" ordinal="0" offset="91" sl="297" sc="9" el="297" ec="9" bec="0" bev="0" fileid="1" />
              </SequencePoints>
              <BranchPoints />
            </Method>
            <Method visited="true" cyclomaticComplexity="0" nPathComplexity="0" sequenceCoverage="100.0" branchCoverage="0" crapScore="0" isConstructor="false" isStatic="false" isGetter="false" isSetter="false">
              <Summary numSequencePoints="12" visitedSequencePoints="12" numBranchPoints="0" visitedBranchPoints="0" sequenceCoverage="100.0" branchCoverage="0" maxCyclomaticComplexity="0" minCyclomaticComplexity="0" maxCrapScore="0" minCrapScore="0" visitedClasses="0" numClasses="0" visitedMethods="1" numMethods="1" />
              <MetadataToken>100663309</MetadataToken>
              <Name>PlayerBoard TestPlayerBoard/_TestSetFence::InitPlayerBoard()</Name>
              <FileRef uid="1" />
              <SequencePoints>
                <SequencePoint vc="10" uspid="188" ordinal="0" offset="0" sl="300" sc="9" el="300" ec="9" bec="0" bev="0" fileid="1" />
                <SequencePoint vc="10" uspid="189" ordinal="0" offset="1" sl="301" sc="13" el="301" ec="13" bec="0" bev="0" fileid="1" />
                <SequencePoint vc="10" uspid="190" ordinal="0" offset="7" sl="302" sc="13" el="302" ec="13" bec="0" bev="0" fileid="1" />
                <SequencePoint vc="10" uspid="191" ordinal="0" offset="14" sl="304" sc="13" el="304" ec="13" bec="0" bev="0" fileid="1" />
                <SequencePoint vc="10" uspid="192" ordinal="0" offset="20" sl="305" sc="13" el="305" ec="13" bec="0" bev="0" fileid="1" />
                <SequencePoint vc="10" uspid="193" ordinal="0" offset="27" sl="306" sc="13" el="306" ec="13" bec="0" bev="0" fileid="1" />
                <SequencePoint vc="10" uspid="194" ordinal="0" offset="39" sl="308" sc="13" el="308" ec="13" bec="0" bev="0" fileid="1" />
                <SequencePoint vc="10" uspid="195" ordinal="0" offset="55" sl="309" sc="13" el="309" ec="13" bec="0" bev="0" fileid="1" />
                <SequencePoint vc="10" uspid="196" ordinal="0" offset="62" sl="310" sc="13" el="310" ec="13" bec="0" bev="0" fileid="1" />
                <SequencePoint vc="10" uspid="197" ordinal="0" offset="74" sl="312" sc="13" el="312" ec="13" bec="0" bev="0" fileid="1" />
                <SequencePoint vc="10" uspid="198" ordinal="0" offset="81" sl="314" sc="13" el="314" ec="13" bec="0" bev="0" fileid="1" />
                <SequencePoint vc="10" uspid="199" ordinal="0" offset="86" sl="315" sc="9" el="315" ec="9" bec="0" bev="0" fileid="1" />
              </SequencePoints>
              <BranchPoints />
            </Method>
          </Methods>
        </Class>
      </Classes>
    </Module>
    <Module>
      <Summary numSequencePoints="2114" visitedSequencePoints="446" numBranchPoints="0" visitedBranchPoints="0" sequenceCoverage="21.10" branchCoverage="0.0" maxCyclomaticComplexity="0" minCyclomaticComplexity="0" maxCrapScore="0" minCrapScore="0" visitedClasses="11" numClasses="48" visitedMethods="49" numMethods="264" />
      <ModuleTime>0001-01-01T00:00:00</ModuleTime>
      <ModuleName>Argricola</ModuleName>
      <Files>
        <File uid="2" fullPath="D:/Unity/Project/Argricola-Unity/Assets/02. Scripts/01. Network/MessageDataGroup.cs" />
        <File uid="3" fullPath="D:/Unity/Project/Argricola-Unity/Assets/02. Scripts/01. Network/NetworkManager.cs" />
        <File uid="4" fullPath="D:/Unity/Project/Argricola-Unity/Assets/02. Scripts/02. Game/Block.cs" />
        <File uid="5" fullPath="D:/Unity/Project/Argricola-Unity/Assets/02. Scripts/02. Game/PlayerBoard.cs" />
        <File uid="6" fullPath="D:/Unity/Project/Argricola-Unity/Assets/02. Scripts/03. MainAction/01. MainDefaultAction/MainActClayPit.cs" />
        <File uid="7" fullPath="D:/Unity/Project/Argricola-Unity/Assets/02. Scripts/03. MainAction/01. MainDefaultAction/MainActCopse.cs" />
        <File uid="8" fullPath="D:/Unity/Project/Argricola-Unity/Assets/02. Scripts/03. MainAction/01. MainDefaultAction/MainActDayLaborer.cs" />
        <File uid="9" fullPath="D:/Unity/Project/Argricola-Unity/Assets/02. Scripts/03. MainAction/01. MainDefaultAction/MainActDirtPit.cs" />
        <File uid="10" fullPath="D:/Unity/Project/Argricola-Unity/Assets/02. Scripts/03. MainAction/01. MainDefaultAction/MainActExpand.cs" />
        <File uid="11" fullPath="D:/Unity/Project/Argricola-Unity/Assets/02. Scripts/03. MainAction/01. MainDefaultAction/MainActFishing.cs" />
        <File uid="12" fullPath="D:/Unity/Project/Argricola-Unity/Assets/02. Scripts/03. MainAction/01. MainDefaultAction/MainActForest.cs" />
        <File uid="13" fullPath="D:/Unity/Project/Argricola-Unity/Assets/02. Scripts/03. MainAction/01. MainDefaultAction/MainActGrainSeed.cs" />
        <File uid="14" fullPath="D:/Unity/Project/Argricola-Unity/Assets/02. Scripts/03. MainAction/01. MainDefaultAction/MainActGrove.cs" />
        <File uid="15" fullPath="D:/Unity/Project/Argricola-Unity/Assets/02. Scripts/03. MainAction/01. MainDefaultAction/MainActReedField.cs" />
        <File uid="16" fullPath="D:/Unity/Project/Argricola-Unity/Assets/02. Scripts/03. MainAction/01. MainDefaultAction/MainActResMarket.cs" />
        <File uid="17" fullPath="D:/Unity/Project/Argricola-Unity/Assets/02. Scripts/03. MainAction/01. MainDefaultAction/MainActTrevelingTheater.cs" />
        <File uid="18" fullPath="D:/Unity/Project/Argricola-Unity/Assets/02. Scripts/03. MainAction/02. MainRoundAction/CowMarketRoundAct.cs" />
        <File uid="19" fullPath="D:/Unity/Project/Argricola-Unity/Assets/02. Scripts/03. MainAction/02. MainRoundAction/CultivationRoundAct.cs" />
        <File uid="20" fullPath="D:/Unity/Project/Argricola-Unity/Assets/02. Scripts/03. MainAction/02. MainRoundAction/EasternQuarryRoundAct.cs" />
        <File uid="21" fullPath="D:/Unity/Project/Argricola-Unity/Assets/02. Scripts/03. MainAction/02. MainRoundAction/FarmDevelopRoundAct.cs" />
        <File uid="22" fullPath="D:/Unity/Project/Argricola-Unity/Assets/02. Scripts/03. MainAction/02. MainRoundAction/FencingRoundAct.cs" />
        <File uid="23" fullPath="D:/Unity/Project/Argricola-Unity/Assets/02. Scripts/03. MainAction/02. MainRoundAction/GrainUtilizationRoundAct.cs" />
        <File uid="24" fullPath="D:/Unity/Project/Argricola-Unity/Assets/02. Scripts/03. MainAction/02. MainRoundAction/HouseDevelopRoundAct.cs" />
        <File uid="25" fullPath="D:/Unity/Project/Argricola-Unity/Assets/02. Scripts/03. MainAction/02. MainRoundAction/ImprovementsRoundAct.cs" />
        <File uid="26" fullPath="D:/Unity/Project/Argricola-Unity/Assets/02. Scripts/03. MainAction/02. MainRoundAction/PigMarketRoundAct.cs" />
        <File uid="27" fullPath="D:/Unity/Project/Argricola-Unity/Assets/02. Scripts/03. MainAction/02. MainRoundAction/SheepMarketRoundAct.cs" />
        <File uid="28" fullPath="D:/Unity/Project/Argricola-Unity/Assets/02. Scripts/03. MainAction/02. MainRoundAction/UrgentWishChildrenRoundAct.cs" />
        <File uid="29" fullPath="D:/Unity/Project/Argricola-Unity/Assets/02. Scripts/03. MainAction/02. MainRoundAction/VegetableSeedRoundAct.cs" />
        <File uid="30" fullPath="D:/Unity/Project/Argricola-Unity/Assets/02. Scripts/03. MainAction/02. MainRoundAction/WesternQuarryRoundAct.cs" />
        <File uid="31" fullPath="D:/Unity/Project/Argricola-Unity/Assets/02. Scripts/03. MainAction/02. MainRoundAction/WishChildrenRoundAct.cs" />
        <File uid="32" fullPath="D:/Unity/Project/Argricola-Unity/Assets/02. Scripts/03. MainAction/ActionBakingBread.cs" />
        <File uid="33" fullPath="D:/Unity/Project/Argricola-Unity/Assets/02. Scripts/03. MainAction/ButtonParents.cs" />
        <File uid="34" fullPath="D:/Unity/Project/Argricola-Unity/Assets/02. Scripts/03. MainAction/HandleCounter.cs" />
        <File uid="35" fullPath="D:/Unity/Project/Argricola-Unity/Assets/02. Scripts/04. BoardEventStrategy/BoardEventStrategy.cs" />
        <File uid="36" fullPath="D:/Unity/Project/Argricola-Unity/Assets/02. Scripts/04. BoardEventStrategy/FarmEventStartegy.cs" />
        <File uid="37" fullPath="D:/Unity/Project/Argricola-Unity/Assets/02. Scripts/04. BoardEventStrategy/FenceEventStrategy.cs" />
        <File uid="38" fullPath="D:/Unity/Project/Argricola-Unity/Assets/02. Scripts/04. BoardEventStrategy/HouseEventStrategy.cs" />
        <File uid="39" fullPath="D:/Unity/Project/Argricola-Unity/Assets/02. Scripts/04. BoardEventStrategy/MoveAnimalEventStrategy.cs" />
        <File uid="40" fullPath="D:/Unity/Project/Argricola-Unity/Assets/02. Scripts/04. BoardEventStrategy/ShedEventStrategy.cs" />
        <File uid="41" fullPath="D:/Unity/Project/Argricola-Unity/Assets/02. Scripts/04. BoardEventStrategy/SowingEventStrategy.cs" />
        <File uid="42" fullPath="D:/Unity/Project/Argricola-Unity/Assets/02. Scripts/05. GameManager/ButtonManager.cs" />
        <File uid="43" fullPath="D:/Unity/Project/Argricola-Unity/Assets/02. Scripts/05. GameManager/CameraManager.cs" />
        <File uid="44" fullPath="D:/Unity/Project/Argricola-Unity/Assets/02. Scripts/05. GameManager/GameManager.cs" />
        <File uid="45" fullPath="D:/Unity/Project/Argricola-Unity/Assets/02. Scripts/05. GameManager/Hand.cs" />
        <File uid="46" fullPath="D:/Unity/Project/Argricola-Unity/Assets/02. Scripts/05. GameManager/Player.cs" />
        <File uid="47" fullPath="D:/Unity/Project/Argricola-Unity/Assets/02. Scripts/05. GameManager/ResourceManager.cs" />
        <File uid="48" fullPath="D:/Unity/Project/Argricola-Unity/Assets/02. Scripts/01. Network/StompHelper/StompMessage.cs" />
        <File uid="49" fullPath="D:/Unity/Project/Argricola-Unity/Assets/02. Scripts/01. Network/StompHelper/StompMessageSerializer.cs" />
      </Files>
      <Classes>
        <Class>
          <Summary numSequencePoints="30" visitedSequencePoints="0" numBranchPoints="0" visitedBranchPoints="0" sequenceCoverage="0.0" branchCoverage="0.0" maxCyclomaticComplexity="0" minCyclomaticComplexity="0" maxCrapScore="0" minCrapScore="0" visitedClasses="0" numClasses="1" visitedMethods="0" numMethods="5" />
          <FullName>PlayerMessageData</FullName>
          <Methods>
            <Method visited="false" cyclomaticComplexity="0" nPathComplexity="0" sequenceCoverage="0.0" branchCoverage="0" crapScore="0" isConstructor="false" isStatic="false" isGetter="true" isSetter="false">
              <Summary numSequencePoints="3" visitedSequencePoints="0" numBranchPoints="0" visitedBranchPoints="0" sequenceCoverage="0.0" branchCoverage="0" maxCyclomaticComplexity="0" minCyclomaticComplexity="0" maxCrapScore="0" minCrapScore="0" visitedClasses="0" numClasses="0" visitedMethods="0" numMethods="1" />
              <MetadataToken>100663297</MetadataToken>
              <Name>System.Int32 PlayerMessageData::get_Jobs()</Name>
              <FileRef uid="2" />
              <SequencePoints>
                <SequencePoint vc="0" uspid="200" ordinal="0" offset="0" sl="18" sc="0" el="18" ec="0" bec="0" bev="0" fileid="2" />
                <SequencePoint vc="0" uspid="201" ordinal="0" offset="1" sl="18" sc="0" el="18" ec="0" bec="0" bev="0" fileid="2" />
                <SequencePoint vc="0" uspid="202" ordinal="0" offset="10" sl="18" sc="0" el="18" ec="0" bec="0" bev="0" fileid="2" />
              </SequencePoints>
              <BranchPoints />
            </Method>
            <Method visited="false" cyclomaticComplexity="0" nPathComplexity="0" sequenceCoverage="0.0" branchCoverage="0" crapScore="0" isConstructor="false" isStatic="false" isGetter="false" isSetter="true">
              <Summary numSequencePoints="3" visitedSequencePoints="0" numBranchPoints="0" visitedBranchPoints="0" sequenceCoverage="0.0" branchCoverage="0" maxCyclomaticComplexity="0" minCyclomaticComplexity="0" maxCrapScore="0" minCrapScore="0" visitedClasses="0" numClasses="0" visitedMethods="0" numMethods="1" />
              <MetadataToken>100663298</MetadataToken>
              <Name>System.Void PlayerMessageData::set_Jobs(System.Int32)</Name>
              <FileRef uid="2" />
              <SequencePoints>
                <SequencePoint vc="0" uspid="203" ordinal="0" offset="0" sl="19" sc="0" el="19" ec="0" bec="0" bev="0" fileid="2" />
                <SequencePoint vc="0" uspid="204" ordinal="0" offset="1" sl="19" sc="0" el="19" ec="0" bec="0" bev="0" fileid="2" />
                <SequencePoint vc="0" uspid="205" ordinal="0" offset="2" sl="19" sc="0" el="19" ec="0" bec="0" bev="0" fileid="2" />
              </SequencePoints>
              <BranchPoints />
            </Method>
            <Method visited="false" cyclomaticComplexity="0" nPathComplexity="0" sequenceCoverage="0.0" branchCoverage="0" crapScore="0" isConstructor="false" isStatic="false" isGetter="false" isSetter="false">
              <Summary numSequencePoints="3" visitedSequencePoints="0" numBranchPoints="0" visitedBranchPoints="0" sequenceCoverage="0.0" branchCoverage="0" maxCyclomaticComplexity="0" minCyclomaticComplexity="0" maxCrapScore="0" minCrapScore="0" visitedClasses="0" numClasses="0" visitedMethods="0" numMethods="1" />
              <MetadataToken>100663299</MetadataToken>
              <Name>System.Int32 PlayerMessageData::CountJobs()</Name>
              <FileRef uid="2" />
              <SequencePoints>
                <SequencePoint vc="0" uspid="206" ordinal="0" offset="0" sl="23" sc="0" el="23" ec="0" bec="0" bev="0" fileid="2" />
                <SequencePoint vc="0" uspid="207" ordinal="0" offset="1" sl="25" sc="0" el="25" ec="0" bec="0" bev="0" fileid="2" />
                <SequencePoint vc="0" uspid="208" ordinal="0" offset="5" sl="26" sc="0" el="26" ec="0" bec="0" bev="0" fileid="2" />
              </SequencePoints>
              <BranchPoints />
            </Method>
            <Method visited="false" cyclomaticComplexity="0" nPathComplexity="0" sequenceCoverage="0.0" branchCoverage="0" crapScore="0" isConstructor="false" isStatic="false" isGetter="false" isSetter="false">
              <Summary numSequencePoints="20" visitedSequencePoints="0" numBranchPoints="0" visitedBranchPoints="0" sequenceCoverage="0.0" branchCoverage="0" maxCyclomaticComplexity="0" minCyclomaticComplexity="0" maxCrapScore="0" minCrapScore="0" visitedClasses="0" numClasses="0" visitedMethods="0" numMethods="1" />
              <MetadataToken>100663300</MetadataToken>
              <Name>System.Void PlayerMessageData::Init()</Name>
              <FileRef uid="2" />
              <SequencePoints>
                <SequencePoint vc="0" uspid="209" ordinal="0" offset="0" sl="29" sc="0" el="29" ec="0" bec="0" bev="0" fileid="2" />
                <SequencePoint vc="0" uspid="210" ordinal="0" offset="1" sl="30" sc="0" el="30" ec="0" bec="0" bev="0" fileid="2" />
                <SequencePoint vc="0" uspid="211" ordinal="0" offset="8" sl="31" sc="0" el="31" ec="0" bec="0" bev="0" fileid="2" />
                <SequencePoint vc="0" uspid="212" ordinal="0" offset="15" sl="31" sc="0" el="31" ec="0" bec="0" bev="0" fileid="2" />
                <SequencePoint vc="0" uspid="213" ordinal="0" offset="22" sl="31" sc="0" el="31" ec="0" bec="0" bev="0" fileid="2" />
                <SequencePoint vc="0" uspid="214" ordinal="0" offset="29" sl="32" sc="0" el="32" ec="0" bec="0" bev="0" fileid="2" />
                <SequencePoint vc="0" uspid="215" ordinal="0" offset="36" sl="32" sc="0" el="32" ec="0" bec="0" bev="0" fileid="2" />
                <SequencePoint vc="0" uspid="216" ordinal="0" offset="43" sl="33" sc="0" el="33" ec="0" bec="0" bev="0" fileid="2" />
                <SequencePoint vc="0" uspid="217" ordinal="0" offset="50" sl="33" sc="0" el="33" ec="0" bec="0" bev="0" fileid="2" />
                <SequencePoint vc="0" uspid="218" ordinal="0" offset="57" sl="33" sc="0" el="33" ec="0" bec="0" bev="0" fileid="2" />
                <SequencePoint vc="0" uspid="219" ordinal="0" offset="64" sl="33" sc="0" el="33" ec="0" bec="0" bev="0" fileid="2" />
                <SequencePoint vc="0" uspid="220" ordinal="0" offset="71" sl="34" sc="0" el="34" ec="0" bec="0" bev="0" fileid="2" />
                <SequencePoint vc="0" uspid="221" ordinal="0" offset="78" sl="34" sc="0" el="34" ec="0" bec="0" bev="0" fileid="2" />
                <SequencePoint vc="0" uspid="222" ordinal="0" offset="85" sl="35" sc="0" el="35" ec="0" bec="0" bev="0" fileid="2" />
                <SequencePoint vc="0" uspid="223" ordinal="0" offset="92" sl="35" sc="0" el="35" ec="0" bec="0" bev="0" fileid="2" />
                <SequencePoint vc="0" uspid="224" ordinal="0" offset="99" sl="35" sc="0" el="35" ec="0" bec="0" bev="0" fileid="2" />
                <SequencePoint vc="0" uspid="225" ordinal="0" offset="106" sl="35" sc="0" el="35" ec="0" bec="0" bev="0" fileid="2" />
                <SequencePoint vc="0" uspid="226" ordinal="0" offset="113" sl="36" sc="0" el="36" ec="0" bec="0" bev="0" fileid="2" />
                <SequencePoint vc="0" uspid="227" ordinal="0" offset="124" sl="37" sc="0" el="37" ec="0" bec="0" bev="0" fileid="2" />
                <SequencePoint vc="0" uspid="228" ordinal="0" offset="135" sl="38" sc="0" el="38" ec="0" bec="0" bev="0" fileid="2" />
              </SequencePoints>
              <BranchPoints />
            </Method>
            <Method visited="false" cyclomaticComplexity="0" nPathComplexity="0" sequenceCoverage="0.0" branchCoverage="0" crapScore="0" isConstructor="true" isStatic="false" isGetter="false" isSetter="false">
              <Summary numSequencePoints="1" visitedSequencePoints="0" numBranchPoints="0" visitedBranchPoints="0" sequenceCoverage="0.0" branchCoverage="0" maxCyclomaticComplexity="0" minCyclomaticComplexity="0" maxCrapScore="0" minCrapScore="0" visitedClasses="0" numClasses="0" visitedMethods="0" numMethods="1" />
              <MetadataToken>100663301</MetadataToken>
              <Name>PlayerMessageData::PlayerMessageData()</Name>
              <FileRef uid="2" />
              <SequencePoints>
                <SequencePoint vc="0" uspid="229" ordinal="0" offset="0" sl="8" sc="0" el="8" ec="0" bec="0" bev="0" fileid="2" />
              </SequencePoints>
              <BranchPoints />
            </Method>
          </Methods>
        </Class>
        <Class>
          <Summary numSequencePoints="103" visitedSequencePoints="0" numBranchPoints="0" visitedBranchPoints="0" sequenceCoverage="0.0" branchCoverage="0.0" maxCyclomaticComplexity="0" minCyclomaticComplexity="0" maxCrapScore="0" minCrapScore="0" visitedClasses="0" numClasses="1" visitedMethods="0" numMethods="16" />
          <FullName>NetworkManager</FullName>
          <Methods>
            <Method visited="false" cyclomaticComplexity="0" nPathComplexity="0" sequenceCoverage="0.0" branchCoverage="0" crapScore="0" isConstructor="false" isStatic="false" isGetter="false" isSetter="false">
              <Summary numSequencePoints="9" visitedSequencePoints="0" numBranchPoints="0" visitedBranchPoints="0" sequenceCoverage="0.0" branchCoverage="0" maxCyclomaticComplexity="0" minCyclomaticComplexity="0" maxCrapScore="0" minCrapScore="0" visitedClasses="0" numClasses="0" visitedMethods="0" numMethods="1" />
              <MetadataToken>100663305</MetadataToken>
              <Name>System.Void NetworkManager::Awake()</Name>
              <FileRef uid="3" />
              <SequencePoints>
                <SequencePoint vc="0" uspid="230" ordinal="0" offset="0" sl="22" sc="0" el="22" ec="0" bec="0" bev="0" fileid="3" />
                <SequencePoint vc="0" uspid="231" ordinal="0" offset="1" sl="23" sc="0" el="23" ec="0" bec="0" bev="0" fileid="3" />
                <SequencePoint vc="0" uspid="232" ordinal="0" offset="16" sl="24" sc="0" el="24" ec="0" bec="0" bev="0" fileid="3" />
                <SequencePoint vc="0" uspid="233" ordinal="0" offset="17" sl="25" sc="0" el="25" ec="0" bec="0" bev="0" fileid="3" />
                <SequencePoint vc="0" uspid="234" ordinal="0" offset="23" sl="26" sc="0" el="26" ec="0" bec="0" bev="0" fileid="3" />
                <SequencePoint vc="0" uspid="235" ordinal="0" offset="26" sl="28" sc="0" el="28" ec="0" bec="0" bev="0" fileid="3" />
                <SequencePoint vc="0" uspid="236" ordinal="0" offset="27" sl="29" sc="0" el="29" ec="0" bec="0" bev="0" fileid="3" />
                <SequencePoint vc="0" uspid="237" ordinal="0" offset="39" sl="30" sc="0" el="30" ec="0" bec="0" bev="0" fileid="3" />
                <SequencePoint vc="0" uspid="238" ordinal="0" offset="40" sl="31" sc="0" el="31" ec="0" bec="0" bev="0" fileid="3" />
              </SequencePoints>
              <BranchPoints />
            </Method>
            <Method visited="false" cyclomaticComplexity="0" nPathComplexity="0" sequenceCoverage="0.0" branchCoverage="0" crapScore="0" isConstructor="false" isStatic="false" isGetter="false" isSetter="false">
              <Summary numSequencePoints="4" visitedSequencePoints="0" numBranchPoints="0" visitedBranchPoints="0" sequenceCoverage="0.0" branchCoverage="0" maxCyclomaticComplexity="0" minCyclomaticComplexity="0" maxCrapScore="0" minCrapScore="0" visitedClasses="0" numClasses="0" visitedMethods="0" numMethods="1" />
              <MetadataToken>100663306</MetadataToken>
              <Name>System.Void NetworkManager::Start()</Name>
              <FileRef uid="3" />
              <SequencePoints>
                <SequencePoint vc="0" uspid="239" ordinal="0" offset="0" sl="35" sc="0" el="35" ec="0" bec="0" bev="0" fileid="3" />
                <SequencePoint vc="0" uspid="240" ordinal="0" offset="1" sl="36" sc="0" el="36" ec="0" bec="0" bev="0" fileid="3" />
                <SequencePoint vc="0" uspid="241" ordinal="0" offset="14" sl="37" sc="0" el="37" ec="0" bec="0" bev="0" fileid="3" />
                <SequencePoint vc="0" uspid="242" ordinal="0" offset="26" sl="38" sc="0" el="38" ec="0" bec="0" bev="0" fileid="3" />
              </SequencePoints>
              <BranchPoints />
            </Method>
            <Method visited="false" cyclomaticComplexity="0" nPathComplexity="0" sequenceCoverage="0.0" branchCoverage="0" crapScore="0" isConstructor="false" isStatic="false" isGetter="false" isSetter="false">
              <Summary numSequencePoints="2" visitedSequencePoints="0" numBranchPoints="0" visitedBranchPoints="0" sequenceCoverage="0.0" branchCoverage="0" maxCyclomaticComplexity="0" minCyclomaticComplexity="0" maxCrapScore="0" minCrapScore="0" visitedClasses="0" numClasses="0" visitedMethods="0" numMethods="1" />
              <MetadataToken>100663307</MetadataToken>
              <Name>System.Void NetworkManager::Update()</Name>
              <FileRef uid="3" />
              <SequencePoints>
                <SequencePoint vc="0" uspid="243" ordinal="0" offset="0" sl="42" sc="0" el="42" ec="0" bec="0" bev="0" fileid="3" />
                <SequencePoint vc="0" uspid="244" ordinal="0" offset="1" sl="44" sc="0" el="44" ec="0" bec="0" bev="0" fileid="3" />
              </SequencePoints>
              <BranchPoints />
            </Method>
            <Method visited="false" cyclomaticComplexity="0" nPathComplexity="0" sequenceCoverage="0.0" branchCoverage="0" crapScore="0" isConstructor="false" isStatic="false" isGetter="false" isSetter="false">
              <Summary numSequencePoints="8" visitedSequencePoints="0" numBranchPoints="0" visitedBranchPoints="0" sequenceCoverage="0.0" branchCoverage="0" maxCyclomaticComplexity="0" minCyclomaticComplexity="0" maxCrapScore="0" minCrapScore="0" visitedClasses="0" numClasses="0" visitedMethods="0" numMethods="1" />
              <MetadataToken>100663308</MetadataToken>
              <Name>System.Void NetworkManager::SetWebSocket(System.String)</Name>
              <FileRef uid="3" />
              <SequencePoints>
                <SequencePoint vc="0" uspid="245" ordinal="0" offset="0" sl="47" sc="0" el="47" ec="0" bec="0" bev="0" fileid="3" />
                <SequencePoint vc="0" uspid="246" ordinal="0" offset="1" sl="48" sc="0" el="48" ec="0" bec="0" bev="0" fileid="3" />
                <SequencePoint vc="0" uspid="247" ordinal="0" offset="18" sl="50" sc="0" el="50" ec="0" bec="0" bev="0" fileid="3" />
                <SequencePoint vc="0" uspid="248" ordinal="0" offset="42" sl="51" sc="0" el="51" ec="0" bec="0" bev="0" fileid="3" />
                <SequencePoint vc="0" uspid="249" ordinal="0" offset="66" sl="52" sc="0" el="52" ec="0" bec="0" bev="0" fileid="3" />
                <SequencePoint vc="0" uspid="250" ordinal="0" offset="90" sl="53" sc="0" el="53" ec="0" bec="0" bev="0" fileid="3" />
                <SequencePoint vc="0" uspid="251" ordinal="0" offset="114" sl="54" sc="0" el="54" ec="0" bec="0" bev="0" fileid="3" />
                <SequencePoint vc="0" uspid="252" ordinal="0" offset="126" sl="55" sc="0" el="55" ec="0" bec="0" bev="0" fileid="3" />
              </SequencePoints>
              <BranchPoints />
            </Method>
            <Method visited="false" cyclomaticComplexity="0" nPathComplexity="0" sequenceCoverage="0.0" branchCoverage="0" crapScore="0" isConstructor="false" isStatic="false" isGetter="false" isSetter="false">
              <Summary numSequencePoints="4" visitedSequencePoints="0" numBranchPoints="0" visitedBranchPoints="0" sequenceCoverage="0.0" branchCoverage="0" maxCyclomaticComplexity="0" minCyclomaticComplexity="0" maxCrapScore="0" minCrapScore="0" visitedClasses="0" numClasses="0" visitedMethods="0" numMethods="1" />
              <MetadataToken>100663309</MetadataToken>
              <Name>System.Void NetworkManager::ws_OnOpen(System.Object, System.EventArgs)</Name>
              <FileRef uid="3" />
              <SequencePoints>
                <SequencePoint vc="0" uspid="253" ordinal="0" offset="0" sl="58" sc="0" el="58" ec="0" bec="0" bev="0" fileid="3" />
                <SequencePoint vc="0" uspid="254" ordinal="0" offset="1" sl="59" sc="0" el="59" ec="0" bec="0" bev="0" fileid="3" />
                <SequencePoint vc="0" uspid="255" ordinal="0" offset="23" sl="60" sc="0" el="60" ec="0" bec="0" bev="0" fileid="3" />
                <SequencePoint vc="0" uspid="256" ordinal="0" offset="30" sl="61" sc="0" el="61" ec="0" bec="0" bev="0" fileid="3" />
              </SequencePoints>
              <BranchPoints />
            </Method>
            <Method visited="false" cyclomaticComplexity="0" nPathComplexity="0" sequenceCoverage="0.0" branchCoverage="0" crapScore="0" isConstructor="false" isStatic="false" isGetter="false" isSetter="false">
              <Summary numSequencePoints="15" visitedSequencePoints="0" numBranchPoints="0" visitedBranchPoints="0" sequenceCoverage="0.0" branchCoverage="0" maxCyclomaticComplexity="0" minCyclomaticComplexity="0" maxCrapScore="0" minCrapScore="0" visitedClasses="0" numClasses="0" visitedMethods="0" numMethods="1" />
              <MetadataToken>100663310</MetadataToken>
              <Name>System.Void NetworkManager::ws_OnMessage(System.Object, WebSocketSharp.MessageEventArgs)</Name>
              <FileRef uid="3" />
              <SequencePoints>
                <SequencePoint vc="0" uspid="257" ordinal="0" offset="0" sl="64" sc="0" el="64" ec="0" bec="0" bev="0" fileid="3" />
                <SequencePoint vc="0" uspid="258" ordinal="0" offset="1" sl="65" sc="0" el="65" ec="0" bec="0" bev="0" fileid="3" />
                <SequencePoint vc="0" uspid="259" ordinal="0" offset="12" sl="66" sc="0" el="66" ec="0" bec="0" bev="0" fileid="3" />
                <SequencePoint vc="0" uspid="260" ordinal="0" offset="34" sl="67" sc="0" el="67" ec="0" bec="0" bev="0" fileid="3" />
                <SequencePoint vc="0" uspid="261" ordinal="0" offset="52" sl="68" sc="0" el="68" ec="0" bec="0" bev="0" fileid="3" />
                <SequencePoint vc="0" uspid="262" ordinal="0" offset="72" sl="69" sc="0" el="69" ec="0" bec="0" bev="0" fileid="3" />
                <SequencePoint vc="0" uspid="263" ordinal="0" offset="73" sl="70" sc="0" el="70" ec="0" bec="0" bev="0" fileid="3" />
                <SequencePoint vc="0" uspid="264" ordinal="0" offset="85" sl="71" sc="0" el="71" ec="0" bec="0" bev="0" fileid="3" />
                <SequencePoint vc="0" uspid="265" ordinal="0" offset="92" sl="72" sc="0" el="72" ec="0" bec="0" bev="0" fileid="3" />
                <SequencePoint vc="0" uspid="266" ordinal="0" offset="95" sl="73" sc="0" el="73" ec="0" bec="0" bev="0" fileid="3" />
                <SequencePoint vc="0" uspid="267" ordinal="0" offset="115" sl="74" sc="0" el="74" ec="0" bec="0" bev="0" fileid="3" />
                <SequencePoint vc="0" uspid="268" ordinal="0" offset="116" sl="75" sc="0" el="75" ec="0" bec="0" bev="0" fileid="3" />
                <SequencePoint vc="0" uspid="269" ordinal="0" offset="128" sl="76" sc="0" el="76" ec="0" bec="0" bev="0" fileid="3" />
                <SequencePoint vc="0" uspid="270" ordinal="0" offset="141" sl="77" sc="0" el="77" ec="0" bec="0" bev="0" fileid="3" />
                <SequencePoint vc="0" uspid="271" ordinal="0" offset="142" sl="78" sc="0" el="78" ec="0" bec="0" bev="0" fileid="3" />
              </SequencePoints>
              <BranchPoints />
            </Method>
            <Method visited="false" cyclomaticComplexity="0" nPathComplexity="0" sequenceCoverage="0.0" branchCoverage="0" crapScore="0" isConstructor="false" isStatic="false" isGetter="false" isSetter="false">
              <Summary numSequencePoints="3" visitedSequencePoints="0" numBranchPoints="0" visitedBranchPoints="0" sequenceCoverage="0.0" branchCoverage="0" maxCyclomaticComplexity="0" minCyclomaticComplexity="0" maxCrapScore="0" minCrapScore="0" visitedClasses="0" numClasses="0" visitedMethods="0" numMethods="1" />
              <MetadataToken>100663311</MetadataToken>
              <Name>System.Void NetworkManager::ws_OnError(System.Object, WebSocketSharp.ErrorEventArgs)</Name>
              <FileRef uid="3" />
              <SequencePoints>
                <SequencePoint vc="0" uspid="272" ordinal="0" offset="0" sl="81" sc="0" el="81" ec="0" bec="0" bev="0" fileid="3" />
                <SequencePoint vc="0" uspid="273" ordinal="0" offset="1" sl="82" sc="0" el="82" ec="0" bec="0" bev="0" fileid="3" />
                <SequencePoint vc="0" uspid="274" ordinal="0" offset="36" sl="83" sc="0" el="83" ec="0" bec="0" bev="0" fileid="3" />
              </SequencePoints>
              <BranchPoints />
            </Method>
            <Method visited="false" cyclomaticComplexity="0" nPathComplexity="0" sequenceCoverage="0.0" branchCoverage="0" crapScore="0" isConstructor="false" isStatic="false" isGetter="false" isSetter="false">
              <Summary numSequencePoints="4" visitedSequencePoints="0" numBranchPoints="0" visitedBranchPoints="0" sequenceCoverage="0.0" branchCoverage="0" maxCyclomaticComplexity="0" minCyclomaticComplexity="0" maxCrapScore="0" minCrapScore="0" visitedClasses="0" numClasses="0" visitedMethods="0" numMethods="1" />
              <MetadataToken>100663312</MetadataToken>
              <Name>System.Void NetworkManager::ws_OnClose(System.Object, WebSocketSharp.CloseEventArgs)</Name>
              <FileRef uid="3" />
              <SequencePoints>
                <SequencePoint vc="0" uspid="275" ordinal="0" offset="0" sl="86" sc="0" el="86" ec="0" bec="0" bev="0" fileid="3" />
                <SequencePoint vc="0" uspid="276" ordinal="0" offset="1" sl="87" sc="0" el="87" ec="0" bec="0" bev="0" fileid="3" />
                <SequencePoint vc="0" uspid="277" ordinal="0" offset="23" sl="88" sc="0" el="88" ec="0" bec="0" bev="0" fileid="3" />
                <SequencePoint vc="0" uspid="278" ordinal="0" offset="30" sl="89" sc="0" el="89" ec="0" bec="0" bev="0" fileid="3" />
              </SequencePoints>
              <BranchPoints />
            </Method>
            <Method visited="false" cyclomaticComplexity="0" nPathComplexity="0" sequenceCoverage="0.0" branchCoverage="0" crapScore="0" isConstructor="false" isStatic="false" isGetter="false" isSetter="false">
              <Summary numSequencePoints="7" visitedSequencePoints="0" numBranchPoints="0" visitedBranchPoints="0" sequenceCoverage="0.0" branchCoverage="0" maxCyclomaticComplexity="0" minCyclomaticComplexity="0" maxCrapScore="0" minCrapScore="0" visitedClasses="0" numClasses="0" visitedMethods="0" numMethods="1" />
              <MetadataToken>100663313</MetadataToken>
              <Name>System.Void NetworkManager::ConnectStomp()</Name>
              <FileRef uid="3" />
              <SequencePoints>
                <SequencePoint vc="0" uspid="279" ordinal="0" offset="0" sl="92" sc="0" el="92" ec="0" bec="0" bev="0" fileid="3" />
                <SequencePoint vc="0" uspid="280" ordinal="0" offset="1" sl="93" sc="0" el="93" ec="0" bec="0" bev="0" fileid="3" />
                <SequencePoint vc="0" uspid="281" ordinal="0" offset="12" sl="94" sc="0" el="94" ec="0" bec="0" bev="0" fileid="3" />
                <SequencePoint vc="0" uspid="282" ordinal="0" offset="29" sl="95" sc="0" el="95" ec="0" bec="0" bev="0" fileid="3" />
                <SequencePoint vc="0" uspid="283" ordinal="0" offset="46" sl="98" sc="0" el="98" ec="0" bec="0" bev="0" fileid="3" />
                <SequencePoint vc="0" uspid="284" ordinal="0" offset="63" sl="99" sc="0" el="99" ec="0" bec="0" bev="0" fileid="3" />
                <SequencePoint vc="0" uspid="285" ordinal="0" offset="87" sl="100" sc="0" el="100" ec="0" bec="0" bev="0" fileid="3" />
              </SequencePoints>
              <BranchPoints />
            </Method>
            <Method visited="false" cyclomaticComplexity="0" nPathComplexity="0" sequenceCoverage="0.0" branchCoverage="0" crapScore="0" isConstructor="false" isStatic="false" isGetter="false" isSetter="false">
              <Summary numSequencePoints="6" visitedSequencePoints="0" numBranchPoints="0" visitedBranchPoints="0" sequenceCoverage="0.0" branchCoverage="0" maxCyclomaticComplexity="0" minCyclomaticComplexity="0" maxCrapScore="0" minCrapScore="0" visitedClasses="0" numClasses="0" visitedMethods="0" numMethods="1" />
              <MetadataToken>100663314</MetadataToken>
              <Name>System.Void NetworkManager::SubscribeStomp()</Name>
              <FileRef uid="3" />
              <SequencePoints>
                <SequencePoint vc="0" uspid="286" ordinal="0" offset="0" sl="103" sc="0" el="103" ec="0" bec="0" bev="0" fileid="3" />
                <SequencePoint vc="0" uspid="287" ordinal="0" offset="1" sl="104" sc="0" el="104" ec="0" bec="0" bev="0" fileid="3" />
                <SequencePoint vc="0" uspid="288" ordinal="0" offset="12" sl="106" sc="0" el="106" ec="0" bec="0" bev="0" fileid="3" />
                <SequencePoint vc="0" uspid="289" ordinal="0" offset="29" sl="107" sc="0" el="107" ec="0" bec="0" bev="0" fileid="3" />
                <SequencePoint vc="0" uspid="290" ordinal="0" offset="57" sl="108" sc="0" el="108" ec="0" bec="0" bev="0" fileid="3" />
                <SequencePoint vc="0" uspid="291" ordinal="0" offset="81" sl="109" sc="0" el="109" ec="0" bec="0" bev="0" fileid="3" />
              </SequencePoints>
              <BranchPoints />
            </Method>
            <Method visited="false" cyclomaticComplexity="0" nPathComplexity="0" sequenceCoverage="0.0" branchCoverage="0" crapScore="0" isConstructor="false" isStatic="false" isGetter="false" isSetter="false">
              <Summary numSequencePoints="3" visitedSequencePoints="0" numBranchPoints="0" visitedBranchPoints="0" sequenceCoverage="0.0" branchCoverage="0" maxCyclomaticComplexity="0" minCyclomaticComplexity="0" maxCrapScore="0" minCrapScore="0" visitedClasses="0" numClasses="0" visitedMethods="0" numMethods="1" />
              <MetadataToken>100663315</MetadataToken>
              <Name>System.Void NetworkManager::Parse(System.String)</Name>
              <FileRef uid="3" />
              <SequencePoints>
                <SequencePoint vc="0" uspid="292" ordinal="0" offset="0" sl="112" sc="0" el="112" ec="0" bec="0" bev="0" fileid="3" />
                <SequencePoint vc="0" uspid="293" ordinal="0" offset="1" sl="113" sc="0" el="113" ec="0" bec="0" bev="0" fileid="3" />
                <SequencePoint vc="0" uspid="294" ordinal="0" offset="8" sl="114" sc="0" el="114" ec="0" bec="0" bev="0" fileid="3" />
              </SequencePoints>
              <BranchPoints />
            </Method>
            <Method visited="false" cyclomaticComplexity="0" nPathComplexity="0" sequenceCoverage="0.0" branchCoverage="0" crapScore="0" isConstructor="false" isStatic="false" isGetter="false" isSetter="false">
              <Summary numSequencePoints="8" visitedSequencePoints="0" numBranchPoints="0" visitedBranchPoints="0" sequenceCoverage="0.0" branchCoverage="0" maxCyclomaticComplexity="0" minCyclomaticComplexity="0" maxCrapScore="0" minCrapScore="0" visitedClasses="0" numClasses="0" visitedMethods="0" numMethods="1" />
              <MetadataToken>100663316</MetadataToken>
              <Name>System.Void NetworkManager::SendMessage()</Name>
              <FileRef uid="3" />
              <SequencePoints>
                <SequencePoint vc="0" uspid="295" ordinal="0" offset="0" sl="117" sc="0" el="117" ec="0" bec="0" bev="0" fileid="3" />
                <SequencePoint vc="0" uspid="296" ordinal="0" offset="1" sl="118" sc="0" el="118" ec="0" bec="0" bev="0" fileid="3" />
                <SequencePoint vc="0" uspid="297" ordinal="0" offset="7" sl="120" sc="0" el="120" ec="0" bec="0" bev="0" fileid="3" />
                <SequencePoint vc="0" uspid="298" ordinal="0" offset="14" sl="121" sc="0" el="121" ec="0" bec="0" bev="0" fileid="3" />
                <SequencePoint vc="0" uspid="299" ordinal="0" offset="21" sl="122" sc="0" el="122" ec="0" bec="0" bev="0" fileid="3" />
                <SequencePoint vc="0" uspid="300" ordinal="0" offset="32" sl="123" sc="0" el="123" ec="0" bec="0" bev="0" fileid="3" />
                <SequencePoint vc="0" uspid="301" ordinal="0" offset="43" sl="125" sc="0" el="125" ec="0" bec="0" bev="0" fileid="3" />
                <SequencePoint vc="0" uspid="302" ordinal="0" offset="51" sl="126" sc="0" el="126" ec="0" bec="0" bev="0" fileid="3" />
              </SequencePoints>
              <BranchPoints />
            </Method>
            <Method visited="false" cyclomaticComplexity="0" nPathComplexity="0" sequenceCoverage="0.0" branchCoverage="0" crapScore="0" isConstructor="false" isStatic="false" isGetter="false" isSetter="false">
              <Summary numSequencePoints="3" visitedSequencePoints="0" numBranchPoints="0" visitedBranchPoints="0" sequenceCoverage="0.0" branchCoverage="0" maxCyclomaticComplexity="0" minCyclomaticComplexity="0" maxCrapScore="0" minCrapScore="0" visitedClasses="0" numClasses="0" visitedMethods="0" numMethods="1" />
              <MetadataToken>100663317</MetadataToken>
              <Name>System.Void NetworkManager::SendMessage(MessageData)</Name>
              <FileRef uid="3" />
              <SequencePoints>
                <SequencePoint vc="0" uspid="303" ordinal="0" offset="0" sl="129" sc="0" el="129" ec="0" bec="0" bev="0" fileid="3" />
                <SequencePoint vc="0" uspid="304" ordinal="0" offset="1" sl="130" sc="0" el="130" ec="0" bec="0" bev="0" fileid="3" />
                <SequencePoint vc="0" uspid="305" ordinal="0" offset="9" sl="131" sc="0" el="131" ec="0" bec="0" bev="0" fileid="3" />
              </SequencePoints>
              <BranchPoints />
            </Method>
            <Method visited="false" cyclomaticComplexity="0" nPathComplexity="0" sequenceCoverage="0.0" branchCoverage="0" crapScore="0" isConstructor="false" isStatic="false" isGetter="false" isSetter="false">
              <Summary numSequencePoints="11" visitedSequencePoints="0" numBranchPoints="0" visitedBranchPoints="0" sequenceCoverage="0.0" branchCoverage="0" maxCyclomaticComplexity="0" minCyclomaticComplexity="0" maxCrapScore="0" minCrapScore="0" visitedClasses="0" numClasses="0" visitedMethods="0" numMethods="1" />
              <MetadataToken>100663318</MetadataToken>
              <Name>System.Void NetworkManager::_SendMessage(MessageData)</Name>
              <FileRef uid="3" />
              <SequencePoints>
                <SequencePoint vc="0" uspid="306" ordinal="0" offset="0" sl="134" sc="0" el="134" ec="0" bec="0" bev="0" fileid="3" />
                <SequencePoint vc="0" uspid="307" ordinal="0" offset="1" sl="135" sc="0" el="135" ec="0" bec="0" bev="0" fileid="3" />
                <SequencePoint vc="0" uspid="308" ordinal="0" offset="7" sl="136" sc="0" el="136" ec="0" bec="0" bev="0" fileid="3" />
                <SequencePoint vc="0" uspid="309" ordinal="0" offset="19" sl="137" sc="0" el="137" ec="0" bec="0" bev="0" fileid="3" />
                <SequencePoint vc="0" uspid="310" ordinal="0" offset="31" sl="138" sc="0" el="138" ec="0" bec="0" bev="0" fileid="3" />
                <SequencePoint vc="0" uspid="311" ordinal="0" offset="43" sl="139" sc="0" el="139" ec="0" bec="0" bev="0" fileid="3" />
                <SequencePoint vc="0" uspid="312" ordinal="0" offset="54" sl="140" sc="0" el="140" ec="0" bec="0" bev="0" fileid="3" />
                <SequencePoint vc="0" uspid="313" ordinal="0" offset="61" sl="145" sc="0" el="145" ec="0" bec="0" bev="0" fileid="3" />
                <SequencePoint vc="0" uspid="314" ordinal="0" offset="73" sl="146" sc="0" el="146" ec="0" bec="0" bev="0" fileid="3" />
                <SequencePoint vc="0" uspid="315" ordinal="0" offset="91" sl="147" sc="0" el="147" ec="0" bec="0" bev="0" fileid="3" />
                <SequencePoint vc="0" uspid="316" ordinal="0" offset="115" sl="148" sc="0" el="148" ec="0" bec="0" bev="0" fileid="3" />
              </SequencePoints>
              <BranchPoints />
            </Method>
            <Method visited="false" cyclomaticComplexity="0" nPathComplexity="0" sequenceCoverage="0.0" branchCoverage="0" crapScore="0" isConstructor="false" isStatic="false" isGetter="false" isSetter="false">
              <Summary numSequencePoints="9" visitedSequencePoints="0" numBranchPoints="0" visitedBranchPoints="0" sequenceCoverage="0.0" branchCoverage="0" maxCyclomaticComplexity="0" minCyclomaticComplexity="0" maxCrapScore="0" minCrapScore="0" visitedClasses="0" numClasses="0" visitedMethods="0" numMethods="1" />
              <MetadataToken>100663319</MetadataToken>
              <Name>System.Void NetworkManager::_SendReadyMessage()</Name>
              <FileRef uid="3" />
              <SequencePoints>
                <SequencePoint vc="0" uspid="317" ordinal="0" offset="0" sl="151" sc="0" el="151" ec="0" bec="0" bev="0" fileid="3" />
                <SequencePoint vc="0" uspid="318" ordinal="0" offset="1" sl="152" sc="0" el="152" ec="0" bec="0" bev="0" fileid="3" />
                <SequencePoint vc="0" uspid="319" ordinal="0" offset="7" sl="153" sc="0" el="153" ec="0" bec="0" bev="0" fileid="3" />
                <SequencePoint vc="0" uspid="320" ordinal="0" offset="19" sl="154" sc="0" el="154" ec="0" bec="0" bev="0" fileid="3" />
                <SequencePoint vc="0" uspid="321" ordinal="0" offset="31" sl="156" sc="0" el="156" ec="0" bec="0" bev="0" fileid="3" />
[...]
                <SequencePoint vc="0" uspid="2251" ordinal="0" offset="1" sl="396" sc="0" el="396" ec="0" bec="0" bev="0" fileid="47" />
                <SequencePoint vc="0" uspid="2252" ordinal="0" offset="45" sl="397" sc="0" el="397" ec="0" bec="0" bev="0" fileid="47" />
              </SequencePoints>
              <BranchPoints />
            </Method>
          </Methods>
        </Class>
        <Class>
          <Summary numSequencePoints="27" visitedSequencePoints="0" numBranchPoints="0" visitedBranchPoints="0" sequenceCoverage="0.0" branchCoverage="0.0" maxCyclomaticComplexity="0" minCyclomaticComplexity="0" maxCrapScore="0" minCrapScore="0" visitedClasses="0" numClasses="1" visitedMethods="0" numMethods="10" />
          <FullName>StompHelper.StompMessage</FullName>
          <Methods>
            <Method visited="false" cyclomaticComplexity="0" nPathComplexity="0" sequenceCoverage="0.0" branchCoverage="0" crapScore="0" isConstructor="false" isStatic="false" isGetter="true" isSetter="false">
              <Summary numSequencePoints="3" visitedSequencePoints="0" numBranchPoints="0" visitedBranchPoints="0" sequenceCoverage="0.0" branchCoverage="0" maxCyclomaticComplexity="0" minCyclomaticComplexity="0" maxCrapScore="0" minCrapScore="0" visitedClasses="0" numClasses="0" visitedMethods="0" numMethods="1" />
              <MetadataToken>100663572</MetadataToken>
              <Name>System.Collections.Generic.Dictionary[String,String] StompHelper.StompMessage::get_Headers()</Name>
              <FileRef uid="48" />
              <SequencePoints>
                <SequencePoint vc="0" uspid="2253" ordinal="0" offset="0" sl="49" sc="0" el="49" ec="0" bec="0" bev="0" fileid="48" />
                <SequencePoint vc="0" uspid="2254" ordinal="0" offset="1" sl="49" sc="0" el="49" ec="0" bec="0" bev="0" fileid="48" />
                <SequencePoint vc="0" uspid="2255" ordinal="0" offset="10" sl="49" sc="0" el="49" ec="0" bec="0" bev="0" fileid="48" />
              </SequencePoints>
              <BranchPoints />
            </Method>
            <Method visited="false" cyclomaticComplexity="0" nPathComplexity="0" sequenceCoverage="0.0" branchCoverage="0" crapScore="0" isConstructor="false" isStatic="false" isGetter="true" isSetter="false">
              <Summary numSequencePoints="1" visitedSequencePoints="0" numBranchPoints="0" visitedBranchPoints="0" sequenceCoverage="0.0" branchCoverage="0" maxCyclomaticComplexity="0" minCyclomaticComplexity="0" maxCrapScore="0" minCrapScore="0" visitedClasses="0" numClasses="0" visitedMethods="0" numMethods="1" />
              <MetadataToken>100663573</MetadataToken>
              <Name>System.String StompHelper.StompMessage::get_Body()</Name>
              <FileRef uid="48" />
              <SequencePoints>
                <SequencePoint vc="0" uspid="2256" ordinal="0" offset="0" sl="55" sc="0" el="55" ec="0" bec="0" bev="0" fileid="48" />
              </SequencePoints>
              <BranchPoints />
            </Method>
            <Method visited="false" cyclomaticComplexity="0" nPathComplexity="0" sequenceCoverage="0.0" branchCoverage="0" crapScore="0" isConstructor="false" isStatic="false" isGetter="false" isSetter="true">
              <Summary numSequencePoints="1" visitedSequencePoints="0" numBranchPoints="0" visitedBranchPoints="0" sequenceCoverage="0.0" branchCoverage="0" maxCyclomaticComplexity="0" minCyclomaticComplexity="0" maxCrapScore="0" minCrapScore="0" visitedClasses="0" numClasses="0" visitedMethods="0" numMethods="1" />
              <MetadataToken>100663574</MetadataToken>
              <Name>System.Void StompHelper.StompMessage::set_Body(System.String)</Name>
              <FileRef uid="48" />
              <SequencePoints>
                <SequencePoint vc="0" uspid="2257" ordinal="0" offset="0" sl="55" sc="0" el="55" ec="0" bec="0" bev="0" fileid="48" />
              </SequencePoints>
              <BranchPoints />
            </Method>
            <Method visited="false" cyclomaticComplexity="0" nPathComplexity="0" sequenceCoverage="0.0" branchCoverage="0" crapScore="0" isConstructor="false" isStatic="false" isGetter="true" isSetter="false">
              <Summary numSequencePoints="1" visitedSequencePoints="0" numBranchPoints="0" visitedBranchPoints="0" sequenceCoverage="0.0" branchCoverage="0" maxCyclomaticComplexity="0" minCyclomaticComplexity="0" maxCrapScore="0" minCrapScore="0" visitedClasses="0" numClasses="0" visitedMethods="0" numMethods="1" />
              <MetadataToken>100663575</MetadataToken>
              <Name>System.String StompHelper.StompMessage::get_Command()</Name>
              <FileRef uid="48" />
              <SequencePoints>
                <SequencePoint vc="0" uspid="2258" ordinal="0" offset="0" sl="60" sc="0" el="60" ec="0" bec="0" bev="0" fileid="48" />
              </SequencePoints>
              <BranchPoints />
            </Method>
            <Method visited="false" cyclomaticComplexity="0" nPathComplexity="0" sequenceCoverage="0.0" branchCoverage="0" crapScore="0" isConstructor="false" isStatic="false" isGetter="false" isSetter="true">
              <Summary numSequencePoints="1" visitedSequencePoints="0" numBranchPoints="0" visitedBranchPoints="0" sequenceCoverage="0.0" branchCoverage="0" maxCyclomaticComplexity="0" minCyclomaticComplexity="0" maxCrapScore="0" minCrapScore="0" visitedClasses="0" numClasses="0" visitedMethods="0" numMethods="1" />
              <MetadataToken>100663576</MetadataToken>
              <Name>System.Void StompHelper.StompMessage::set_Command(System.String)</Name>
              <FileRef uid="48" />
              <SequencePoints>
                <SequencePoint vc="0" uspid="2259" ordinal="0" offset="0" sl="60" sc="0" el="60" ec="0" bec="0" bev="0" fileid="48" />
              </SequencePoints>
              <BranchPoints />
            </Method>
            <Method visited="false" cyclomaticComplexity="0" nPathComplexity="0" sequenceCoverage="0.0" branchCoverage="0" crapScore="0" isConstructor="false" isStatic="false" isGetter="true" isSetter="false">
              <Summary numSequencePoints="3" visitedSequencePoints="0" numBranchPoints="0" visitedBranchPoints="0" sequenceCoverage="0.0" branchCoverage="0" maxCyclomaticComplexity="0" minCyclomaticComplexity="0" maxCrapScore="0" minCrapScore="0" visitedClasses="0" numClasses="0" visitedMethods="0" numMethods="1" />
              <MetadataToken>100663577</MetadataToken>
              <Name>System.String StompHelper.StompMessage::get_Item(System.String)</Name>
              <FileRef uid="48" />
              <SequencePoints>
                <SequencePoint vc="0" uspid="2260" ordinal="0" offset="0" sl="67" sc="0" el="67" ec="0" bec="0" bev="0" fileid="48" />
                <SequencePoint vc="0" uspid="2261" ordinal="0" offset="1" sl="67" sc="0" el="67" ec="0" bec="0" bev="0" fileid="48" />
                <SequencePoint vc="0" uspid="2262" ordinal="0" offset="37" sl="67" sc="0" el="67" ec="0" bec="0" bev="0" fileid="48" />
              </SequencePoints>
              <BranchPoints />
            </Method>
            <Method visited="false" cyclomaticComplexity="0" nPathComplexity="0" sequenceCoverage="0.0" branchCoverage="0" crapScore="0" isConstructor="false" isStatic="false" isGetter="false" isSetter="true">
              <Summary numSequencePoints="3" visitedSequencePoints="0" numBranchPoints="0" visitedBranchPoints="0" sequenceCoverage="0.0" branchCoverage="0" maxCyclomaticComplexity="0" minCyclomaticComplexity="0" maxCrapScore="0" minCrapScore="0" visitedClasses="0" numClasses="0" visitedMethods="0" numMethods="1" />
              <MetadataToken>100663578</MetadataToken>
              <Name>System.Void StompHelper.StompMessage::set_Item(System.String, System.String)</Name>
              <FileRef uid="48" />
              <SequencePoints>
                <SequencePoint vc="0" uspid="2263" ordinal="0" offset="0" sl="68" sc="0" el="68" ec="0" bec="0" bev="0" fileid="48" />
                <SequencePoint vc="0" uspid="2264" ordinal="0" offset="1" sl="68" sc="0" el="68" ec="0" bec="0" bev="0" fileid="48" />
                <SequencePoint vc="0" uspid="2265" ordinal="0" offset="15" sl="68" sc="0" el="68" ec="0" bec="0" bev="0" fileid="48" />
              </SequencePoints>
              <BranchPoints />
            </Method>
            <Method visited="false" cyclomaticComplexity="0" nPathComplexity="0" sequenceCoverage="0.0" branchCoverage="0" crapScore="0" isConstructor="true" isStatic="false" isGetter="false" isSetter="false">
              <Summary numSequencePoints="3" visitedSequencePoints="0" numBranchPoints="0" visitedBranchPoints="0" sequenceCoverage="0.0" branchCoverage="0" maxCyclomaticComplexity="0" minCyclomaticComplexity="0" maxCrapScore="0" minCrapScore="0" visitedClasses="0" numClasses="0" visitedMethods="0" numMethods="1" />
              <MetadataToken>100663569</MetadataToken>
              <Name>StompHelper.StompMessage::StompMessage(System.String)</Name>
              <FileRef uid="48" />
              <SequencePoints>
                <SequencePoint vc="0" uspid="2266" ordinal="0" offset="0" sl="18" sc="0" el="18" ec="0" bec="0" bev="0" fileid="48" />
                <SequencePoint vc="0" uspid="2267" ordinal="0" offset="13" sl="19" sc="0" el="19" ec="0" bec="0" bev="0" fileid="48" />
                <SequencePoint vc="0" uspid="2268" ordinal="0" offset="14" sl="20" sc="0" el="20" ec="0" bec="0" bev="0" fileid="48" />
              </SequencePoints>
              <BranchPoints />
            </Method>
            <Method visited="false" cyclomaticComplexity="0" nPathComplexity="0" sequenceCoverage="0.0" branchCoverage="0" crapScore="0" isConstructor="true" isStatic="false" isGetter="false" isSetter="false">
              <Summary numSequencePoints="3" visitedSequencePoints="0" numBranchPoints="0" visitedBranchPoints="0" sequenceCoverage="0.0" branchCoverage="0" maxCyclomaticComplexity="0" minCyclomaticComplexity="0" maxCrapScore="0" minCrapScore="0" visitedClasses="0" numClasses="0" visitedMethods="0" numMethods="1" />
              <MetadataToken>100663570</MetadataToken>
              <Name>StompHelper.StompMessage::StompMessage(System.String, System.String)</Name>
              <FileRef uid="48" />
              <SequencePoints>
                <SequencePoint vc="0" uspid="2269" ordinal="0" offset="0" sl="28" sc="0" el="28" ec="0" bec="0" bev="0" fileid="48" />
                <SequencePoint vc="0" uspid="2270" ordinal="0" offset="14" sl="29" sc="0" el="29" ec="0" bec="0" bev="0" fileid="48" />
                <SequencePoint vc="0" uspid="2271" ordinal="0" offset="15" sl="30" sc="0" el="30" ec="0" bec="0" bev="0" fileid="48" />
              </SequencePoints>
              <BranchPoints />
            </Method>
            <Method visited="false" cyclomaticComplexity="0" nPathComplexity="0" sequenceCoverage="0.0" branchCoverage="0" crapScore="0" isConstructor="true" isStatic="false" isGetter="false" isSetter="false">
              <Summary numSequencePoints="8" visitedSequencePoints="0" numBranchPoints="0" visitedBranchPoints="0" sequenceCoverage="0.0" branchCoverage="0" maxCyclomaticComplexity="0" minCyclomaticComplexity="0" maxCrapScore="0" minCrapScore="0" visitedClasses="0" numClasses="0" visitedMethods="0" numMethods="1" />
              <MetadataToken>100663571</MetadataToken>
              <Name>StompHelper.StompMessage::StompMessage(System.String, System.String, System.Collections.Generic.Dictionary[String,String])</Name>
              <FileRef uid="48" />
              <SequencePoints>
                <SequencePoint vc="0" uspid="2272" ordinal="0" offset="0" sl="11" sc="0" el="11" ec="0" bec="0" bev="0" fileid="48" />
                <SequencePoint vc="0" uspid="2273" ordinal="0" offset="11" sl="38" sc="0" el="38" ec="0" bec="0" bev="0" fileid="48" />
                <SequencePoint vc="0" uspid="2274" ordinal="0" offset="18" sl="39" sc="0" el="39" ec="0" bec="0" bev="0" fileid="48" />
                <SequencePoint vc="0" uspid="2275" ordinal="0" offset="19" sl="40" sc="0" el="40" ec="0" bec="0" bev="0" fileid="48" />
                <SequencePoint vc="0" uspid="2276" ordinal="0" offset="27" sl="41" sc="0" el="41" ec="0" bec="0" bev="0" fileid="48" />
                <SequencePoint vc="0" uspid="2277" ordinal="0" offset="35" sl="42" sc="0" el="42" ec="0" bec="0" bev="0" fileid="48" />
                <SequencePoint vc="0" uspid="2278" ordinal="0" offset="42" sl="44" sc="0" el="44" ec="0" bec="0" bev="0" fileid="48" />
                <SequencePoint vc="0" uspid="2279" ordinal="0" offset="68" sl="45" sc="0" el="45" ec="0" bec="0" bev="0" fileid="48" />
              </SequencePoints>
              <BranchPoints />
            </Method>
          </Methods>
        </Class>
        <Class>
          <Summary numSequencePoints="34" visitedSequencePoints="0" numBranchPoints="0" visitedBranchPoints="0" sequenceCoverage="0.0" branchCoverage="0.0" maxCyclomaticComplexity="0" minCyclomaticComplexity="0" maxCrapScore="0" minCrapScore="0" visitedClasses="0" numClasses="1" visitedMethods="0" numMethods="2" />
          <FullName>StompHelper.StompMessageSerializer</FullName>
          <Methods>
            <Method visited="false" cyclomaticComplexity="0" nPathComplexity="0" sequenceCoverage="0.0" branchCoverage="0" crapScore="0" isConstructor="false" isStatic="false" isGetter="false" isSetter="false">
              <Summary numSequencePoints="18" visitedSequencePoints="0" numBranchPoints="0" visitedBranchPoints="0" sequenceCoverage="0.0" branchCoverage="0" maxCyclomaticComplexity="0" minCyclomaticComplexity="0" maxCrapScore="0" minCrapScore="0" visitedClasses="0" numClasses="0" visitedMethods="0" numMethods="1" />
              <MetadataToken>100663579</MetadataToken>
              <Name>System.String StompHelper.StompMessageSerializer::Serialize(StompHelper.StompMessage)</Name>
              <FileRef uid="49" />
              <SequencePoints>
                <SequencePoint vc="0" uspid="2280" ordinal="0" offset="0" sl="18" sc="0" el="18" ec="0" bec="0" bev="0" fileid="49" />
                <SequencePoint vc="0" uspid="2281" ordinal="0" offset="1" sl="19" sc="0" el="19" ec="0" bec="0" bev="0" fileid="49" />
                <SequencePoint vc="0" uspid="2282" ordinal="0" offset="7" sl="21" sc="0" el="21" ec="0" bec="0" bev="0" fileid="49" />
                <SequencePoint vc="0" uspid="2283" ordinal="0" offset="30" sl="23" sc="0" el="23" ec="0" bec="0" bev="0" fileid="49" />
                <SequencePoint vc="0" uspid="2284" ordinal="0" offset="43" sl="24" sc="0" el="24" ec="0" bec="0" bev="0" fileid="49" />
                <SequencePoint vc="0" uspid="2285" ordinal="0" offset="44" sl="25" sc="0" el="25" ec="0" bec="0" bev="0" fileid="49" />
                <SequencePoint vc="0" uspid="2286" ordinal="0" offset="45" sl="25" sc="0" el="25" ec="0" bec="0" bev="0" fileid="49" />
                <SequencePoint vc="0" uspid="2287" ordinal="0" offset="59" sl="25" sc="0" el="25" ec="0" bec="0" bev="0" fileid="49" />
                <SequencePoint vc="0" uspid="2288" ordinal="0" offset="67" sl="26" sc="0" el="26" ec="0" bec="0" bev="0" fileid="49" />
                <SequencePoint vc="0" uspid="2289" ordinal="0" offset="68" sl="27" sc="0" el="27" ec="0" bec="0" bev="0" fileid="49" />
                <SequencePoint vc="0" uspid="2290" ordinal="0" offset="104" sl="28" sc="0" el="28" ec="0" bec="0" bev="0" fileid="49" />
                <SequencePoint vc="0" uspid="2291" ordinal="0" offset="105" sl="25" sc="0" el="25" ec="0" bec="0" bev="0" fileid="49" />
                <SequencePoint vc="0" uspid="2292" ordinal="0" offset="131" sl="29" sc="0" el="29" ec="0" bec="0" bev="0" fileid="49" />
                <SequencePoint vc="0" uspid="2293" ordinal="0" offset="132" sl="31" sc="0" el="31" ec="0" bec="0" bev="0" fileid="49" />
                <SequencePoint vc="0" uspid="2294" ordinal="0" offset="144" sl="32" sc="0" el="32" ec="0" bec="0" bev="0" fileid="49" />
                <SequencePoint vc="0" uspid="2295" ordinal="0" offset="157" sl="33" sc="0" el="33" ec="0" bec="0" bev="0" fileid="49" />
                <SequencePoint vc="0" uspid="2296" ordinal="0" offset="165" sl="35" sc="0" el="35" ec="0" bec="0" bev="0" fileid="49" />
                <SequencePoint vc="0" uspid="2297" ordinal="0" offset="175" sl="36" sc="0" el="36" ec="0" bec="0" bev="0" fileid="49" />
              </SequencePoints>
              <BranchPoints />
            </Method>
            <Method visited="false" cyclomaticComplexity="0" nPathComplexity="0" sequenceCoverage="0.0" branchCoverage="0" crapScore="0" isConstructor="false" isStatic="false" isGetter="false" isSetter="false">
              <Summary numSequencePoints="16" visitedSequencePoints="0" numBranchPoints="0" visitedBranchPoints="0" sequenceCoverage="0.0" branchCoverage="0" maxCyclomaticComplexity="0" minCyclomaticComplexity="0" maxCrapScore="0" minCrapScore="0" visitedClasses="0" numClasses="0" visitedMethods="0" numMethods="1" />
              <MetadataToken>100663580</MetadataToken>
              <Name>StompHelper.StompMessage StompHelper.StompMessageSerializer::Deserialize(System.String)</Name>
              <FileRef uid="49" />
              <SequencePoints>
                <SequencePoint vc="0" uspid="2298" ordinal="0" offset="0" sl="44" sc="0" el="44" ec="0" bec="0" bev="0" fileid="49" />
                <SequencePoint vc="0" uspid="2299" ordinal="0" offset="1" sl="45" sc="0" el="45" ec="0" bec="0" bev="0" fileid="49" />
                <SequencePoint vc="0" uspid="2300" ordinal="0" offset="8" sl="47" sc="0" el="47" ec="0" bec="0" bev="0" fileid="49" />
                <SequencePoint vc="0" uspid="2301" ordinal="0" offset="15" sl="49" sc="0" el="49" ec="0" bec="0" bev="0" fileid="49" />
                <SequencePoint vc="0" uspid="2302" ordinal="0" offset="21" sl="51" sc="0" el="51" ec="0" bec="0" bev="0" fileid="49" />
                <SequencePoint vc="0" uspid="2303" ordinal="0" offset="30" sl="53" sc="0" el="53" ec="0" bec="0" bev="0" fileid="49" />
                <SequencePoint vc="0" uspid="2304" ordinal="0" offset="31" sl="54" sc="0" el="54" ec="0" bec="0" bev="0" fileid="49" />
                <SequencePoint vc="0" uspid="2305" ordinal="0" offset="42" sl="55" sc="0" el="55" ec="0" bec="0" bev="0" fileid="49" />
                <SequencePoint vc="0" uspid="2306" ordinal="0" offset="55" sl="55" sc="0" el="55" ec="0" bec="0" bev="0" fileid="49" />
                <SequencePoint vc="0" uspid="2307" ordinal="0" offset="80" sl="56" sc="0" el="56" ec="0" bec="0" bev="0" fileid="49" />
                <SequencePoint vc="0" uspid="2308" ordinal="0" offset="96" sl="57" sc="0" el="57" ec="0" bec="0" bev="0" fileid="49" />
                <SequencePoint vc="0" uspid="2309" ordinal="0" offset="97" sl="52" sc="0" el="52" ec="0" bec="0" bev="0" fileid="49" />
                <SequencePoint vc="0" uspid="2310" ordinal="0" offset="112" sl="59" sc="0" el="59" ec="0" bec="0" bev="0" fileid="49" />
                <SequencePoint vc="0" uspid="2311" ordinal="0" offset="129" sl="60" sc="0" el="60" ec="0" bec="0" bev="0" fileid="49" />
                <SequencePoint vc="0" uspid="2312" ordinal="0" offset="154" sl="62" sc="0" el="62" ec="0" bec="0" bev="0" fileid="49" />
                <SequencePoint vc="0" uspid="2313" ordinal="0" offset="167" sl="63" sc="0" el="63" ec="0" bec="0" bev="0" fileid="49" />
              </SequencePoints>
              <BranchPoints />
            </Method>
          </Methods>
        </Class>
      </Classes>
    </Module>
  </Modules>
</CoverageSession>